ARM GAS  C:\Users\aashi\AppData\Local\Temp\ccTmCVMl.s 			page 1


   1              		.syntax unified
   2              		.cpu cortex-m3
   3              		.fpu softvfp
   4              		.eabi_attribute 20, 1
   5              		.eabi_attribute 21, 1
   6              		.eabi_attribute 23, 3
   7              		.eabi_attribute 24, 1
   8              		.eabi_attribute 25, 1
   9              		.eabi_attribute 26, 1
  10              		.eabi_attribute 30, 1
  11              		.eabi_attribute 34, 1
  12              		.eabi_attribute 18, 4
  13              		.thumb
  14              		.syntax unified
  15              		.file	"cymetadata.c"
  16              		.text
  17              	.Ltext0:
  18              		.cfi_sections	.debug_frame
  19              		.global	cy_metadata
  20              		.global	cy_meta_flashprotect
  21              		.global	cy_meta_wonvl
  22              		.global	cy_meta_custnvl
  23              		.global	cy_meta_configecc
  24              		.section	.cyconfigecc,"a",%progbits
  25              		.align	2
  26              		.type	cy_meta_configecc, %object
  27              		.size	cy_meta_configecc, 2220
  28              	cy_meta_configecc:
  29 0000 04       		.byte	4
  30 0001 4F       		.byte	79
  31 0002 00       		.byte	0
  32 0003 40       		.byte	64
  33 0004 06       		.byte	6
  34 0005 52       		.byte	82
  35 0006 00       		.byte	0
  36 0007 40       		.byte	64
  37 0008 05       		.byte	5
  38 0009 64       		.byte	100
  39 000a 00       		.byte	0
  40 000b 40       		.byte	64
  41 000c 03       		.byte	3
  42 000d 65       		.byte	101
  43 000e 00       		.byte	0
  44 000f 40       		.byte	64
  45 0010 04       		.byte	4
  46 0011 06       		.byte	6
  47 0012 01       		.byte	1
  48 0013 40       		.byte	64
  49 0014 02       		.byte	2
  50 0015 07       		.byte	7
  51 0016 01       		.byte	1
  52 0017 40       		.byte	64
  53 0018 55       		.byte	85
  54 0019 08       		.byte	8
  55 001a 01       		.byte	1
  56 001b 40       		.byte	64
  57 001c 37       		.byte	55
ARM GAS  C:\Users\aashi\AppData\Local\Temp\ccTmCVMl.s 			page 2


  58 001d 09       		.byte	9
  59 001e 01       		.byte	1
  60 001f 40       		.byte	64
  61 0020 55       		.byte	85
  62 0021 0A       		.byte	10
  63 0022 01       		.byte	1
  64 0023 40       		.byte	64
  65 0024 37       		.byte	55
  66 0025 0B       		.byte	11
  67 0026 01       		.byte	1
  68 0027 40       		.byte	64
  69 0028 4C       		.byte	76
  70 0029 0C       		.byte	12
  71 002a 01       		.byte	1
  72 002b 40       		.byte	64
  73 002c 2C       		.byte	44
  74 002d 0D       		.byte	13
  75 002e 01       		.byte	1
  76 002f 40       		.byte	64
  77 0030 3E       		.byte	62
  78 0031 0E       		.byte	14
  79 0032 01       		.byte	1
  80 0033 40       		.byte	64
  81 0034 20       		.byte	32
  82 0035 0F       		.byte	15
  83 0036 01       		.byte	1
  84 0037 40       		.byte	64
  85 0038 56       		.byte	86
  86 0039 14       		.byte	20
  87 003a 01       		.byte	1
  88 003b 40       		.byte	64
  89 003c 3E       		.byte	62
  90 003d 15       		.byte	21
  91 003e 01       		.byte	1
  92 003f 40       		.byte	64
  93 0040 4C       		.byte	76
  94 0041 18       		.byte	24
  95 0042 01       		.byte	1
  96 0043 40       		.byte	64
  97 0044 38       		.byte	56
  98 0045 19       		.byte	25
  99 0046 01       		.byte	1
 100 0047 40       		.byte	64
 101 0048 5F       		.byte	95
 102 0049 1A       		.byte	26
 103 004a 01       		.byte	1
 104 004b 40       		.byte	64
 105 004c 47       		.byte	71
 106 004d 1B       		.byte	27
 107 004e 01       		.byte	1
 108 004f 40       		.byte	64
 109 0050 04       		.byte	4
 110 0051 40       		.byte	64
 111 0052 01       		.byte	1
 112 0053 40       		.byte	64
 113 0054 03       		.byte	3
 114 0055 41       		.byte	65
ARM GAS  C:\Users\aashi\AppData\Local\Temp\ccTmCVMl.s 			page 3


 115 0056 01       		.byte	1
 116 0057 40       		.byte	64
 117 0058 06       		.byte	6
 118 0059 42       		.byte	66
 119 005a 01       		.byte	1
 120 005b 40       		.byte	64
 121 005c 06       		.byte	6
 122 005d 43       		.byte	67
 123 005e 01       		.byte	1
 124 005f 40       		.byte	64
 125 0060 0A       		.byte	10
 126 0061 45       		.byte	69
 127 0062 01       		.byte	1
 128 0063 40       		.byte	64
 129 0064 01       		.byte	1
 130 0065 46       		.byte	70
 131 0066 01       		.byte	1
 132 0067 40       		.byte	64
 133 0068 01       		.byte	1
 134 0069 48       		.byte	72
 135 006a 01       		.byte	1
 136 006b 40       		.byte	64
 137 006c 02       		.byte	2
 138 006d 49       		.byte	73
 139 006e 01       		.byte	1
 140 006f 40       		.byte	64
 141 0070 06       		.byte	6
 142 0071 4C       		.byte	76
 143 0072 01       		.byte	1
 144 0073 40       		.byte	64
 145 0074 0A       		.byte	10
 146 0075 4D       		.byte	77
 147 0076 01       		.byte	1
 148 0077 40       		.byte	64
 149 0078 06       		.byte	6
 150 0079 50       		.byte	80
 151 007a 01       		.byte	1
 152 007b 40       		.byte	64
 153 007c 01       		.byte	1
 154 007d 51       		.byte	81
 155 007e 01       		.byte	1
 156 007f 40       		.byte	64
 157 0080 01       		.byte	1
 158 0081 80       		.byte	-128
 159 0082 0A       		.byte	10
 160 0083 27       		.byte	39
 161 0084 0D       		.byte	13
 162 0085 80       		.byte	-128
 163 0086 16       		.byte	22
 164 0087 27       		.byte	39
 165 0088 08       		.byte	8
 166 0089 80       		.byte	-128
 167 008a 09       		.byte	9
 168 008b 80       		.byte	-128
 169 008c 10       		.byte	16
 170 008d 03       		.byte	3
 171 008e 11       		.byte	17
ARM GAS  C:\Users\aashi\AppData\Local\Temp\ccTmCVMl.s 			page 4


 172 008f 05       		.byte	5
 173 0090 61       		.byte	97
 174 0091 80       		.byte	-128
 175 0092 64       		.byte	100
 176 0093 40       		.byte	64
 177 0094 89       		.byte	-119
 178 0095 0D       		.byte	13
 179 0096 8A       		.byte	-118
 180 0097 72       		.byte	114
 181 0098 8B       		.byte	-117
 182 0099 0D       		.byte	13
 183 009a 8D       		.byte	-115
 184 009b 0D       		.byte	13
 185 009c 8F       		.byte	-113
 186 009d 0D       		.byte	13
 187 009e 85       		.byte	-123
 188 009f 0F       		.byte	15
 189 00a0 89       		.byte	-119
 190 00a1 38       		.byte	56
 191 00a2 8A       		.byte	-118
 192 00a3 0D       		.byte	13
 193 00a4 39       		.byte	57
 194 00a5 08       		.byte	8
 195 00a6 3F       		.byte	63
 196 00a7 04       		.byte	4
 197 00a8 59       		.byte	89
 198 00a9 04       		.byte	4
 199 00aa 5F       		.byte	95
 200 00ab 01       		.byte	1
 201 00ac 27       		.byte	39
 202 00ad 20       		.byte	32
 203 00ae 83       		.byte	-125
 204 00af 20       		.byte	32
 205 00b0 2E       		.byte	46
 206 00b1 01       		.byte	1
 207 00b2 34       		.byte	52
 208 00b3 01       		.byte	1
 209 00b4 3B       		.byte	59
 210 00b5 80       		.byte	-128
 211 00b6 40       		.byte	64
 212 00b7 20       		.byte	32
 213 00b8 41       		.byte	65
 214 00b9 06       		.byte	6
 215 00ba 49       		.byte	73
 216 00bb FF       		.byte	-1
 217 00bc 4A       		.byte	74
 218 00bd FF       		.byte	-1
 219 00be 4B       		.byte	75
 220 00bf FF       		.byte	-1
 221 00c0 4D       		.byte	77
 222 00c1 A0       		.byte	-96
 223 00c2 4F       		.byte	79
 224 00c3 04       		.byte	4
 225 00c4 50       		.byte	80
 226 00c5 18       		.byte	24
 227 00c6 52       		.byte	82
 228 00c7 80       		.byte	-128
ARM GAS  C:\Users\aashi\AppData\Local\Temp\ccTmCVMl.s 			page 5


 229 00c8 58       		.byte	88
 230 00c9 04       		.byte	4
 231 00ca 59       		.byte	89
 232 00cb 04       		.byte	4
 233 00cc 5A       		.byte	90
 234 00cd 04       		.byte	4
 235 00ce 5B       		.byte	91
 236 00cf 04       		.byte	4
 237 00d0 5C       		.byte	92
 238 00d1 10       		.byte	16
 239 00d2 5F       		.byte	95
 240 00d3 01       		.byte	1
 241 00d4 60       		.byte	96
 242 00d5 40       		.byte	64
 243 00d6 62       		.byte	98
 244 00d7 C0       		.byte	-64
 245 00d8 64       		.byte	100
 246 00d9 40       		.byte	64
 247 00da 65       		.byte	101
 248 00db 40       		.byte	64
 249 00dc 66       		.byte	102
 250 00dd C0       		.byte	-64
 251 00de 68       		.byte	104
 252 00df C0       		.byte	-64
 253 00e0 6A       		.byte	106
 254 00e1 C0       		.byte	-64
 255 00e2 6C       		.byte	108
 256 00e3 C0       		.byte	-64
 257 00e4 6E       		.byte	110
 258 00e5 C0       		.byte	-64
 259 00e6 80       		.byte	-128
 260 00e7 1F       		.byte	31
 261 00e8 85       		.byte	-123
 262 00e9 02       		.byte	2
 263 00ea 86       		.byte	-122
 264 00eb 20       		.byte	32
 265 00ec 88       		.byte	-120
 266 00ed 08       		.byte	8
 267 00ee 8B       		.byte	-117
 268 00ef 05       		.byte	5
 269 00f0 8E       		.byte	-114
 270 00f1 06       		.byte	6
 271 00f2 90       		.byte	-112
 272 00f3 19       		.byte	25
 273 00f4 92       		.byte	-110
 274 00f5 02       		.byte	2
 275 00f6 95       		.byte	-107
 276 00f7 01       		.byte	1
 277 00f8 96       		.byte	-106
 278 00f9 20       		.byte	32
 279 00fa 98       		.byte	-104
 280 00fb 01       		.byte	1
 281 00fc 99       		.byte	-103
 282 00fd 02       		.byte	2
 283 00fe 9D       		.byte	-99
 284 00ff 02       		.byte	2
 285 0100 9E       		.byte	-98
ARM GAS  C:\Users\aashi\AppData\Local\Temp\ccTmCVMl.s 			page 6


 286 0101 01       		.byte	1
 287 0102 A0       		.byte	-96
 288 0103 10       		.byte	16
 289 0104 A4       		.byte	-92
 290 0105 07       		.byte	7
 291 0106 A6       		.byte	-90
 292 0107 18       		.byte	24
 293 0108 A8       		.byte	-88
 294 0109 18       		.byte	24
 295 010a AC       		.byte	-84
 296 010b 19       		.byte	25
 297 010c AD       		.byte	-83
 298 010d 02       		.byte	2
 299 010e AE       		.byte	-82
 300 010f 04       		.byte	4
 301 0110 B3       		.byte	-77
 302 0111 04       		.byte	4
 303 0112 B4       		.byte	-76
 304 0113 20       		.byte	32
 305 0114 B5       		.byte	-75
 306 0115 02       		.byte	2
 307 0116 B6       		.byte	-74
 308 0117 1F       		.byte	31
 309 0118 B7       		.byte	-73
 310 0119 01       		.byte	1
 311 011a BA       		.byte	-70
 312 011b 80       		.byte	-128
 313 011c BE       		.byte	-66
 314 011d 10       		.byte	16
 315 011e BF       		.byte	-65
 316 011f 10       		.byte	16
 317 0120 C0       		.byte	-64
 318 0121 20       		.byte	32
 319 0122 C1       		.byte	-63
 320 0123 06       		.byte	6
 321 0124 C5       		.byte	-59
 322 0125 D0       		.byte	-48
 323 0126 C6       		.byte	-58
 324 0127 10       		.byte	16
 325 0128 C7       		.byte	-57
 326 0129 02       		.byte	2
 327 012a C8       		.byte	-56
 328 012b 1A       		.byte	26
 329 012c C9       		.byte	-55
 330 012d FF       		.byte	-1
 331 012e CA       		.byte	-54
 332 012f FF       		.byte	-1
 333 0130 CB       		.byte	-53
 334 0131 FF       		.byte	-1
 335 0132 CD       		.byte	-51
 336 0133 AF       		.byte	-81
 337 0134 CE       		.byte	-50
 338 0135 0F       		.byte	15
 339 0136 CF       		.byte	-49
 340 0137 04       		.byte	4
 341 0138 D0       		.byte	-48
 342 0139 18       		.byte	24
ARM GAS  C:\Users\aashi\AppData\Local\Temp\ccTmCVMl.s 			page 7


 343 013a D4       		.byte	-44
 344 013b 05       		.byte	5
 345 013c D8       		.byte	-40
 346 013d 04       		.byte	4
 347 013e D9       		.byte	-39
 348 013f 04       		.byte	4
 349 0140 DA       		.byte	-38
 350 0141 04       		.byte	4
 351 0142 DB       		.byte	-37
 352 0143 04       		.byte	4
 353 0144 DC       		.byte	-36
 354 0145 01       		.byte	1
 355 0146 DF       		.byte	-33
 356 0147 01       		.byte	1
 357 0148 E0       		.byte	-32
 358 0149 40       		.byte	64
 359 014a E2       		.byte	-30
 360 014b C0       		.byte	-64
 361 014c E4       		.byte	-28
 362 014d 40       		.byte	64
 363 014e E5       		.byte	-27
 364 014f 40       		.byte	64
 365 0150 E6       		.byte	-26
 366 0151 C0       		.byte	-64
 367 0152 E8       		.byte	-24
 368 0153 C0       		.byte	-64
 369 0154 EA       		.byte	-22
 370 0155 C0       		.byte	-64
 371 0156 EC       		.byte	-20
 372 0157 C0       		.byte	-64
 373 0158 EE       		.byte	-18
 374 0159 C0       		.byte	-64
 375 015a 00       		.byte	0
 376 015b 08       		.byte	8
 377 015c 01       		.byte	1
 378 015d 80       		.byte	-128
 379 015e 02       		.byte	2
 380 015f 84       		.byte	-124
 381 0160 04       		.byte	4
 382 0161 20       		.byte	32
 383 0162 06       		.byte	6
 384 0163 04       		.byte	4
 385 0164 08       		.byte	8
 386 0165 20       		.byte	32
 387 0166 09       		.byte	9
 388 0167 88       		.byte	-120
 389 0168 0B       		.byte	11
 390 0169 80       		.byte	-128
 391 016a 10       		.byte	16
 392 016b 81       		.byte	-127
 393 016c 12       		.byte	18
 394 016d 20       		.byte	32
 395 016e 13       		.byte	19
 396 016f 20       		.byte	32
 397 0170 17       		.byte	23
 398 0171 80       		.byte	-128
 399 0172 19       		.byte	25
ARM GAS  C:\Users\aashi\AppData\Local\Temp\ccTmCVMl.s 			page 8


 400 0173 40       		.byte	64
 401 0174 1A       		.byte	26
 402 0175 04       		.byte	4
 403 0176 1B       		.byte	27
 404 0177 40       		.byte	64
 405 0178 1C       		.byte	28
 406 0179 08       		.byte	8
 407 017a 1D       		.byte	29
 408 017b 20       		.byte	32
 409 017c 22       		.byte	34
 410 017d 54       		.byte	84
 411 017e 26       		.byte	38
 412 017f 80       		.byte	-128
 413 0180 27       		.byte	39
 414 0181 01       		.byte	1
 415 0182 28       		.byte	40
 416 0183 01       		.byte	1
 417 0184 29       		.byte	41
 418 0185 40       		.byte	64
 419 0186 32       		.byte	50
 420 0187 A4       		.byte	-92
 421 0188 39       		.byte	57
 422 0189 08       		.byte	8
 423 018a 3A       		.byte	58
 424 018b 10       		.byte	16
 425 018c 41       		.byte	65
 426 018d 20       		.byte	32
 427 018e 45       		.byte	69
 428 018f 20       		.byte	32
 429 0190 49       		.byte	73
 430 0191 01       		.byte	1
 431 0192 4A       		.byte	74
 432 0193 08       		.byte	8
 433 0194 4E       		.byte	78
 434 0195 08       		.byte	8
 435 0196 51       		.byte	81
 436 0197 08       		.byte	8
 437 0198 52       		.byte	82
 438 0199 18       		.byte	24
 439 019a 59       		.byte	89
 440 019b 01       		.byte	1
 441 019c 5A       		.byte	90
 442 019d 84       		.byte	-124
 443 019e 77       		.byte	119
 444 019f 80       		.byte	-128
 445 01a0 89       		.byte	-119
 446 01a1 04       		.byte	4
 447 01a2 8B       		.byte	-117
 448 01a3 40       		.byte	64
 449 01a4 90       		.byte	-112
 450 01a5 20       		.byte	32
 451 01a6 91       		.byte	-111
 452 01a7 1C       		.byte	28
 453 01a8 96       		.byte	-106
 454 01a9 20       		.byte	32
 455 01aa 99       		.byte	-103
 456 01ab A0       		.byte	-96
ARM GAS  C:\Users\aashi\AppData\Local\Temp\ccTmCVMl.s 			page 9


 457 01ac 9A       		.byte	-102
 458 01ad 22       		.byte	34
 459 01ae 9B       		.byte	-101
 460 01af 20       		.byte	32
 461 01b0 9D       		.byte	-99
 462 01b1 40       		.byte	64
 463 01b2 A0       		.byte	-96
 464 01b3 80       		.byte	-128
 465 01b4 A6       		.byte	-90
 466 01b5 A0       		.byte	-96
 467 01b6 C0       		.byte	-64
 468 01b7 0F       		.byte	15
 469 01b8 C2       		.byte	-62
 470 01b9 0F       		.byte	15
 471 01ba C4       		.byte	-60
 472 01bb 8F       		.byte	-113
 473 01bc CA       		.byte	-54
 474 01bd 08       		.byte	8
 475 01be CC       		.byte	-52
 476 01bf 0E       		.byte	14
 477 01c0 CE       		.byte	-50
 478 01c1 06       		.byte	6
 479 01c2 D0       		.byte	-48
 480 01c3 24       		.byte	36
 481 01c4 D2       		.byte	-46
 482 01c5 24       		.byte	36
 483 01c6 D6       		.byte	-42
 484 01c7 0B       		.byte	11
 485 01c8 00       		.byte	0
 486 01c9 0E       		.byte	14
 487 01ca 01       		.byte	1
 488 01cb 04       		.byte	4
 489 01cc 04       		.byte	4
 490 01cd 02       		.byte	2
 491 01ce 06       		.byte	6
 492 01cf 0C       		.byte	12
 493 01d0 08       		.byte	8
 494 01d1 01       		.byte	1
 495 01d2 09       		.byte	9
 496 01d3 02       		.byte	2
 497 01d4 0E       		.byte	14
 498 01d5 02       		.byte	2
 499 01d6 10       		.byte	16
 500 01d7 0E       		.byte	14
 501 01d8 14       		.byte	20
 502 01d9 0C       		.byte	12
 503 01da 15       		.byte	21
 504 01db 06       		.byte	6
 505 01dc 16       		.byte	22
 506 01dd 02       		.byte	2
 507 01de 17       		.byte	23
 508 01df 01       		.byte	1
 509 01e0 18       		.byte	24
 510 01e1 01       		.byte	1
 511 01e2 19       		.byte	25
 512 01e3 01       		.byte	1
 513 01e4 1B       		.byte	27
ARM GAS  C:\Users\aashi\AppData\Local\Temp\ccTmCVMl.s 			page 10


 514 01e5 06       		.byte	6
 515 01e6 1D       		.byte	29
 516 01e7 07       		.byte	7
 517 01e8 20       		.byte	32
 518 01e9 08       		.byte	8
 519 01ea 23       		.byte	35
 520 01eb 01       		.byte	1
 521 01ec 24       		.byte	36
 522 01ed 04       		.byte	4
 523 01ee 28       		.byte	40
 524 01ef 0C       		.byte	12
 525 01f0 29       		.byte	41
 526 01f1 06       		.byte	6
 527 01f2 2C       		.byte	44
 528 01f3 01       		.byte	1
 529 01f4 2D       		.byte	45
 530 01f5 06       		.byte	6
 531 01f6 2F       		.byte	47
 532 01f7 01       		.byte	1
 533 01f8 33       		.byte	51
 534 01f9 07       		.byte	7
 535 01fa 34       		.byte	52
 536 01fb 0E       		.byte	14
 537 01fc 36       		.byte	54
 538 01fd 01       		.byte	1
 539 01fe 3B       		.byte	59
 540 01ff 08       		.byte	8
 541 0200 40       		.byte	64
 542 0201 20       		.byte	32
 543 0202 41       		.byte	65
 544 0203 06       		.byte	6
 545 0204 49       		.byte	73
 546 0205 FF       		.byte	-1
 547 0206 4A       		.byte	74
 548 0207 FF       		.byte	-1
 549 0208 4B       		.byte	75
 550 0209 FF       		.byte	-1
 551 020a 4D       		.byte	77
 552 020b A0       		.byte	-96
 553 020c 4F       		.byte	79
 554 020d 04       		.byte	4
 555 020e 50       		.byte	80
 556 020f 18       		.byte	24
 557 0210 56       		.byte	86
 558 0211 02       		.byte	2
 559 0212 57       		.byte	87
 560 0213 11       		.byte	17
 561 0214 58       		.byte	88
 562 0215 04       		.byte	4
 563 0216 59       		.byte	89
 564 0217 04       		.byte	4
 565 0218 5A       		.byte	90
 566 0219 04       		.byte	4
 567 021a 5B       		.byte	91
 568 021b 04       		.byte	4
 569 021c 5C       		.byte	92
 570 021d 11       		.byte	17
ARM GAS  C:\Users\aashi\AppData\Local\Temp\ccTmCVMl.s 			page 11


 571 021e 5D       		.byte	93
 572 021f 10       		.byte	16
 573 0220 5F       		.byte	95
 574 0221 01       		.byte	1
 575 0222 60       		.byte	96
 576 0223 40       		.byte	64
 577 0224 62       		.byte	98
 578 0225 C0       		.byte	-64
 579 0226 64       		.byte	100
 580 0227 40       		.byte	64
 581 0228 65       		.byte	101
 582 0229 40       		.byte	64
 583 022a 66       		.byte	102
 584 022b C0       		.byte	-64
 585 022c 68       		.byte	104
 586 022d C0       		.byte	-64
 587 022e 6A       		.byte	106
 588 022f C0       		.byte	-64
 589 0230 6C       		.byte	108
 590 0231 C0       		.byte	-64
 591 0232 6E       		.byte	110
 592 0233 C0       		.byte	-64
 593 0234 87       		.byte	-121
 594 0235 01       		.byte	1
 595 0236 9B       		.byte	-101
 596 0237 01       		.byte	1
 597 0238 B5       		.byte	-75
 598 0239 01       		.byte	1
 599 023a BF       		.byte	-65
 600 023b 10       		.byte	16
 601 023c C0       		.byte	-64
 602 023d 30       		.byte	48
 603 023e C1       		.byte	-63
 604 023f 02       		.byte	2
 605 0240 C5       		.byte	-59
 606 0241 D0       		.byte	-48
 607 0242 C6       		.byte	-58
 608 0243 10       		.byte	16
 609 0244 C7       		.byte	-57
 610 0245 02       		.byte	2
 611 0246 C8       		.byte	-56
 612 0247 1A       		.byte	26
 613 0248 C9       		.byte	-55
 614 0249 FF       		.byte	-1
 615 024a CA       		.byte	-54
 616 024b FF       		.byte	-1
 617 024c CB       		.byte	-53
 618 024d FF       		.byte	-1
 619 024e CD       		.byte	-51
 620 024f AF       		.byte	-81
 621 0250 CE       		.byte	-50
 622 0251 0F       		.byte	15
 623 0252 CF       		.byte	-49
 624 0253 04       		.byte	4
 625 0254 D0       		.byte	-48
 626 0255 18       		.byte	24
 627 0256 D4       		.byte	-44
ARM GAS  C:\Users\aashi\AppData\Local\Temp\ccTmCVMl.s 			page 12


 628 0257 05       		.byte	5
 629 0258 D9       		.byte	-39
 630 0259 04       		.byte	4
 631 025a DA       		.byte	-38
 632 025b 04       		.byte	4
 633 025c DB       		.byte	-37
 634 025d 04       		.byte	4
 635 025e DF       		.byte	-33
 636 025f 01       		.byte	1
 637 0260 E0       		.byte	-32
 638 0261 40       		.byte	64
 639 0262 E2       		.byte	-30
 640 0263 C0       		.byte	-64
 641 0264 E4       		.byte	-28
 642 0265 40       		.byte	64
 643 0266 E5       		.byte	-27
 644 0267 40       		.byte	64
 645 0268 E6       		.byte	-26
 646 0269 C0       		.byte	-64
 647 026a E8       		.byte	-24
 648 026b C0       		.byte	-64
 649 026c EA       		.byte	-22
 650 026d C0       		.byte	-64
 651 026e EC       		.byte	-20
 652 026f C0       		.byte	-64
 653 0270 EE       		.byte	-18
 654 0271 C0       		.byte	-64
 655 0272 01       		.byte	1
 656 0273 90       		.byte	-112
 657 0274 02       		.byte	2
 658 0275 A0       		.byte	-96
 659 0276 08       		.byte	8
 660 0277 01       		.byte	1
 661 0278 09       		.byte	9
 662 0279 08       		.byte	8
 663 027a 0A       		.byte	10
 664 027b 04       		.byte	4
 665 027c 10       		.byte	16
 666 027d 82       		.byte	-126
 667 027e 13       		.byte	19
 668 027f 24       		.byte	36
 669 0280 19       		.byte	25
 670 0281 A0       		.byte	-96
 671 0282 1B       		.byte	27
 672 0283 80       		.byte	-128
 673 0284 21       		.byte	33
 674 0285 0C       		.byte	12
 675 0286 27       		.byte	39
 676 0287 08       		.byte	8
 677 0288 28       		.byte	40
 678 0289 01       		.byte	1
 679 028a 29       		.byte	41
 680 028b 40       		.byte	64
 681 028c 2A       		.byte	42
 682 028d 20       		.byte	32
 683 028e 2B       		.byte	43
 684 028f 80       		.byte	-128
ARM GAS  C:\Users\aashi\AppData\Local\Temp\ccTmCVMl.s 			page 13


 685 0290 31       		.byte	49
 686 0291 08       		.byte	8
 687 0292 32       		.byte	50
 688 0293 A0       		.byte	-96
 689 0294 34       		.byte	52
 690 0295 20       		.byte	32
 691 0296 37       		.byte	55
 692 0297 10       		.byte	16
 693 0298 38       		.byte	56
 694 0299 20       		.byte	32
 695 029a 3A       		.byte	58
 696 029b 02       		.byte	2
 697 029c 3C       		.byte	60
 698 029d 08       		.byte	8
 699 029e 40       		.byte	64
 700 029f 04       		.byte	4
 701 02a0 43       		.byte	67
 702 02a1 10       		.byte	16
 703 02a2 44       		.byte	68
 704 02a3 20       		.byte	32
 705 02a4 46       		.byte	70
 706 02a5 08       		.byte	8
 707 02a6 48       		.byte	72
 708 02a7 04       		.byte	4
 709 02a8 4D       		.byte	77
 710 02a9 01       		.byte	1
 711 02aa 54       		.byte	84
 712 02ab 04       		.byte	4
 713 02ac 56       		.byte	86
 714 02ad 08       		.byte	8
 715 02ae 57       		.byte	87
 716 02af 20       		.byte	32
 717 02b0 5A       		.byte	90
 718 02b1 20       		.byte	32
 719 02b2 5D       		.byte	93
 720 02b3 01       		.byte	1
 721 02b4 5E       		.byte	94
 722 02b5 80       		.byte	-128
 723 02b6 5F       		.byte	95
 724 02b7 08       		.byte	8
 725 02b8 68       		.byte	104
 726 02b9 02       		.byte	2
 727 02ba 69       		.byte	105
 728 02bb 14       		.byte	20
 729 02bc 6A       		.byte	106
 730 02bd 04       		.byte	4
 731 02be 70       		.byte	112
 732 02bf 90       		.byte	-112
 733 02c0 72       		.byte	114
 734 02c1 22       		.byte	34
 735 02c2 73       		.byte	115
 736 02c3 24       		.byte	36
 737 02c4 90       		.byte	-112
 738 02c5 04       		.byte	4
 739 02c6 A2       		.byte	-94
 740 02c7 40       		.byte	64
 741 02c8 A7       		.byte	-89
ARM GAS  C:\Users\aashi\AppData\Local\Temp\ccTmCVMl.s 			page 14


 742 02c9 20       		.byte	32
 743 02ca AA       		.byte	-86
 744 02cb 40       		.byte	64
 745 02cc C0       		.byte	-64
 746 02cd 0F       		.byte	15
 747 02ce C2       		.byte	-62
 748 02cf 0E       		.byte	14
 749 02d0 C4       		.byte	-60
 750 02d1 0F       		.byte	15
 751 02d2 CA       		.byte	-54
 752 02d3 0D       		.byte	13
 753 02d4 CC       		.byte	-52
 754 02d5 2E       		.byte	46
 755 02d6 CE       		.byte	-50
 756 02d7 45       		.byte	69
 757 02d8 D0       		.byte	-48
 758 02d9 64       		.byte	100
 759 02da D2       		.byte	-46
 760 02db 04       		.byte	4
 761 02dc D6       		.byte	-42
 762 02dd D4       		.byte	-44
 763 02de EC       		.byte	-20
 764 02df 01       		.byte	1
 765 02e0 02       		.byte	2
 766 02e1 01       		.byte	1
 767 02e2 1E       		.byte	30
 768 02e3 04       		.byte	4
 769 02e4 1F       		.byte	31
 770 02e5 01       		.byte	1
 771 02e6 27       		.byte	39
 772 02e7 02       		.byte	2
 773 02e8 29       		.byte	41
 774 02e9 02       		.byte	2
 775 02ea 2A       		.byte	42
 776 02eb 02       		.byte	2
 777 02ec 2D       		.byte	45
 778 02ed 01       		.byte	1
 779 02ee 30       		.byte	48
 780 02ef 04       		.byte	4
 781 02f0 31       		.byte	49
 782 02f1 01       		.byte	1
 783 02f2 32       		.byte	50
 784 02f3 02       		.byte	2
 785 02f4 34       		.byte	52
 786 02f5 01       		.byte	1
 787 02f6 37       		.byte	55
 788 02f7 02       		.byte	2
 789 02f8 40       		.byte	64
 790 02f9 20       		.byte	32
 791 02fa 41       		.byte	65
 792 02fb 06       		.byte	6
 793 02fc 49       		.byte	73
 794 02fd FF       		.byte	-1
 795 02fe 4A       		.byte	74
 796 02ff FF       		.byte	-1
 797 0300 4B       		.byte	75
 798 0301 FF       		.byte	-1
ARM GAS  C:\Users\aashi\AppData\Local\Temp\ccTmCVMl.s 			page 15


 799 0302 4D       		.byte	77
 800 0303 A0       		.byte	-96
 801 0304 4F       		.byte	79
 802 0305 04       		.byte	4
 803 0306 50       		.byte	80
 804 0307 18       		.byte	24
 805 0308 52       		.byte	82
 806 0309 80       		.byte	-128
 807 030a 58       		.byte	88
 808 030b 04       		.byte	4
 809 030c 59       		.byte	89
 810 030d 04       		.byte	4
 811 030e 5A       		.byte	90
 812 030f 04       		.byte	4
 813 0310 5B       		.byte	91
 814 0311 04       		.byte	4
 815 0312 5F       		.byte	95
 816 0313 01       		.byte	1
 817 0314 60       		.byte	96
 818 0315 40       		.byte	64
 819 0316 62       		.byte	98
 820 0317 C0       		.byte	-64
 821 0318 64       		.byte	100
 822 0319 40       		.byte	64
 823 031a 65       		.byte	101
 824 031b 40       		.byte	64
 825 031c 66       		.byte	102
 826 031d C0       		.byte	-64
 827 031e 68       		.byte	104
 828 031f C0       		.byte	-64
 829 0320 6A       		.byte	106
 830 0321 C0       		.byte	-64
 831 0322 6C       		.byte	108
 832 0323 C0       		.byte	-64
 833 0324 6E       		.byte	110
 834 0325 C0       		.byte	-64
 835 0326 86       		.byte	-122
 836 0327 04       		.byte	4
 837 0328 8F       		.byte	-113
 838 0329 01       		.byte	1
 839 032a 92       		.byte	-110
 840 032b 01       		.byte	1
 841 032c 9A       		.byte	-102
 842 032d 02       		.byte	2
 843 032e 9B       		.byte	-101
 844 032f 01       		.byte	1
 845 0330 A6       		.byte	-90
 846 0331 04       		.byte	4
 847 0332 AA       		.byte	-86
 848 0333 02       		.byte	2
 849 0334 B0       		.byte	-80
 850 0335 04       		.byte	4
 851 0336 B2       		.byte	-78
 852 0337 02       		.byte	2
 853 0338 B4       		.byte	-76
 854 0339 01       		.byte	1
 855 033a B7       		.byte	-73
ARM GAS  C:\Users\aashi\AppData\Local\Temp\ccTmCVMl.s 			page 16


 856 033b 01       		.byte	1
 857 033c BE       		.byte	-66
 858 033d 04       		.byte	4
 859 033e C0       		.byte	-64
 860 033f 20       		.byte	32
 861 0340 C1       		.byte	-63
 862 0341 06       		.byte	6
 863 0342 C5       		.byte	-59
 864 0343 D0       		.byte	-48
 865 0344 C6       		.byte	-58
 866 0345 01       		.byte	1
 867 0346 C7       		.byte	-57
 868 0347 02       		.byte	2
 869 0348 C8       		.byte	-56
 870 0349 16       		.byte	22
 871 034a C9       		.byte	-55
 872 034b FF       		.byte	-1
 873 034c CA       		.byte	-54
 874 034d FF       		.byte	-1
 875 034e CB       		.byte	-53
 876 034f FF       		.byte	-1
 877 0350 CD       		.byte	-51
 878 0351 AF       		.byte	-81
 879 0352 CE       		.byte	-50
 880 0353 0F       		.byte	15
 881 0354 CF       		.byte	-49
 882 0355 04       		.byte	4
 883 0356 D0       		.byte	-48
 884 0357 18       		.byte	24
 885 0358 D2       		.byte	-46
 886 0359 80       		.byte	-128
 887 035a D4       		.byte	-44
 888 035b 05       		.byte	5
 889 035c D8       		.byte	-40
 890 035d 04       		.byte	4
 891 035e D9       		.byte	-39
 892 035f 04       		.byte	4
 893 0360 DA       		.byte	-38
 894 0361 04       		.byte	4
 895 0362 DB       		.byte	-37
 896 0363 04       		.byte	4
 897 0364 DF       		.byte	-33
 898 0365 01       		.byte	1
 899 0366 E0       		.byte	-32
 900 0367 40       		.byte	64
 901 0368 E2       		.byte	-30
 902 0369 C0       		.byte	-64
 903 036a E4       		.byte	-28
 904 036b 40       		.byte	64
 905 036c E5       		.byte	-27
 906 036d 40       		.byte	64
 907 036e E6       		.byte	-26
 908 036f C0       		.byte	-64
 909 0370 E8       		.byte	-24
 910 0371 C0       		.byte	-64
 911 0372 EA       		.byte	-22
 912 0373 C0       		.byte	-64
ARM GAS  C:\Users\aashi\AppData\Local\Temp\ccTmCVMl.s 			page 17


 913 0374 EC       		.byte	-20
 914 0375 C0       		.byte	-64
 915 0376 EE       		.byte	-18
 916 0377 C0       		.byte	-64
 917 0378 00       		.byte	0
 918 0379 04       		.byte	4
 919 037a 06       		.byte	6
 920 037b 40       		.byte	64
 921 037c 09       		.byte	9
 922 037d 22       		.byte	34
 923 037e 0D       		.byte	13
 924 037f 40       		.byte	64
 925 0380 10       		.byte	16
 926 0381 10       		.byte	16
 927 0382 12       		.byte	18
 928 0383 08       		.byte	8
 929 0384 16       		.byte	22
 930 0385 08       		.byte	8
 931 0386 18       		.byte	24
 932 0387 04       		.byte	4
 933 0388 19       		.byte	25
 934 0389 04       		.byte	4
 935 038a 1A       		.byte	26
 936 038b 80       		.byte	-128
 937 038c 1D       		.byte	29
 938 038d 20       		.byte	32
 939 038e 1E       		.byte	30
 940 038f 40       		.byte	64
 941 0390 1F       		.byte	31
 942 0391 04       		.byte	4
 943 0392 23       		.byte	35
 944 0393 02       		.byte	2
 945 0394 26       		.byte	38
 946 0395 40       		.byte	64
 947 0396 27       		.byte	39
 948 0397 40       		.byte	64
 949 0398 2C       		.byte	44
 950 0399 10       		.byte	16
 951 039a 2E       		.byte	46
 952 039b 48       		.byte	72
 953 039c 2F       		.byte	47
 954 039d 24       		.byte	36
 955 039e 31       		.byte	49
 956 039f 20       		.byte	32
 957 03a0 36       		.byte	54
 958 03a1 80       		.byte	-128
 959 03a2 39       		.byte	57
 960 03a3 80       		.byte	-128
 961 03a4 41       		.byte	65
 962 03a5 20       		.byte	32
 963 03a6 45       		.byte	69
 964 03a7 20       		.byte	32
 965 03a8 49       		.byte	73
 966 03a9 01       		.byte	1
 967 03aa 4A       		.byte	74
 968 03ab 08       		.byte	8
 969 03ac 4E       		.byte	78
ARM GAS  C:\Users\aashi\AppData\Local\Temp\ccTmCVMl.s 			page 18


 970 03ad 08       		.byte	8
 971 03ae 51       		.byte	81
 972 03af 40       		.byte	64
 973 03b0 52       		.byte	82
 974 03b1 88       		.byte	-120
 975 03b2 59       		.byte	89
 976 03b3 05       		.byte	5
 977 03b4 5B       		.byte	91
 978 03b5 40       		.byte	64
 979 03b6 71       		.byte	113
 980 03b7 02       		.byte	2
 981 03b8 76       		.byte	118
 982 03b9 40       		.byte	64
 983 03ba 8F       		.byte	-113
 984 03bb 02       		.byte	2
 985 03bc B0       		.byte	-80
 986 03bd 01       		.byte	1
 987 03be C0       		.byte	-64
 988 03bf 14       		.byte	20
 989 03c0 C2       		.byte	-62
 990 03c1 8A       		.byte	-118
 991 03c2 C4       		.byte	-60
 992 03c3 46       		.byte	70
 993 03c4 CA       		.byte	-54
 994 03c5 70       		.byte	112
 995 03c6 CC       		.byte	-52
 996 03c7 14       		.byte	20
 997 03c8 CE       		.byte	-50
 998 03c9 08       		.byte	8
 999 03ca D0       		.byte	-48
 1000 03cb 24       		.byte	36
 1001 03cc D2       		.byte	-46
 1002 03cd 24       		.byte	36
 1003 03ce D6       		.byte	-42
 1004 03cf 0B       		.byte	11
 1005 03d0 17       		.byte	23
 1006 03d1 01       		.byte	1
 1007 03d2 2F       		.byte	47
 1008 03d3 01       		.byte	1
 1009 03d4 37       		.byte	55
 1010 03d5 01       		.byte	1
 1011 03d6 40       		.byte	64
 1012 03d7 30       		.byte	48
 1013 03d8 41       		.byte	65
 1014 03d9 06       		.byte	6
 1015 03da 49       		.byte	73
 1016 03db FF       		.byte	-1
 1017 03dc 4A       		.byte	74
 1018 03dd FF       		.byte	-1
 1019 03de 4B       		.byte	75
 1020 03df FF       		.byte	-1
 1021 03e0 4D       		.byte	77
 1022 03e1 A0       		.byte	-96
 1023 03e2 4F       		.byte	79
 1024 03e3 04       		.byte	4
 1025 03e4 50       		.byte	80
 1026 03e5 18       		.byte	24
ARM GAS  C:\Users\aashi\AppData\Local\Temp\ccTmCVMl.s 			page 19


 1027 03e6 59       		.byte	89
 1028 03e7 04       		.byte	4
 1029 03e8 5A       		.byte	90
 1030 03e9 04       		.byte	4
 1031 03ea 5F       		.byte	95
 1032 03eb 01       		.byte	1
 1033 03ec 60       		.byte	96
 1034 03ed 40       		.byte	64
 1035 03ee 62       		.byte	98
 1036 03ef C0       		.byte	-64
 1037 03f0 64       		.byte	100
 1038 03f1 40       		.byte	64
 1039 03f2 65       		.byte	101
 1040 03f3 40       		.byte	64
 1041 03f4 66       		.byte	102
 1042 03f5 C0       		.byte	-64
 1043 03f6 68       		.byte	104
 1044 03f7 C0       		.byte	-64
 1045 03f8 6A       		.byte	106
 1046 03f9 C0       		.byte	-64
 1047 03fa 6C       		.byte	108
 1048 03fb C0       		.byte	-64
 1049 03fc 6E       		.byte	110
 1050 03fd C0       		.byte	-64
 1051 03fe 82       		.byte	-126
 1052 03ff 01       		.byte	1
 1053 0400 83       		.byte	-125
 1054 0401 01       		.byte	1
 1055 0402 8A       		.byte	-118
 1056 0403 02       		.byte	2
 1057 0404 96       		.byte	-106
 1058 0405 02       		.byte	2
 1059 0406 9E       		.byte	-98
 1060 0407 04       		.byte	4
 1061 0408 A4       		.byte	-92
 1062 0409 04       		.byte	4
 1063 040a B0       		.byte	-80
 1064 040b 04       		.byte	4
 1065 040c B2       		.byte	-78
 1066 040d 01       		.byte	1
 1067 040e B4       		.byte	-76
 1068 040f 02       		.byte	2
 1069 0410 B5       		.byte	-75
 1070 0411 01       		.byte	1
 1071 0412 BE       		.byte	-66
 1072 0413 10       		.byte	16
 1073 0414 C0       		.byte	-64
 1074 0415 30       		.byte	48
 1075 0416 C1       		.byte	-63
 1076 0417 06       		.byte	6
 1077 0418 C5       		.byte	-59
 1078 0419 D0       		.byte	-48
 1079 041a C7       		.byte	-57
 1080 041b 12       		.byte	18
 1081 041c C8       		.byte	-56
 1082 041d 32       		.byte	50
 1083 041e C9       		.byte	-55
ARM GAS  C:\Users\aashi\AppData\Local\Temp\ccTmCVMl.s 			page 20


 1084 041f FF       		.byte	-1
 1085 0420 CA       		.byte	-54
 1086 0421 FF       		.byte	-1
 1087 0422 CB       		.byte	-53
 1088 0423 FF       		.byte	-1
 1089 0424 CD       		.byte	-51
 1090 0425 AF       		.byte	-81
 1091 0426 CE       		.byte	-50
 1092 0427 0F       		.byte	15
 1093 0428 CF       		.byte	-49
 1094 0429 04       		.byte	4
 1095 042a D0       		.byte	-48
 1096 042b 18       		.byte	24
 1097 042c D2       		.byte	-46
 1098 042d 80       		.byte	-128
 1099 042e D4       		.byte	-44
 1100 042f 05       		.byte	5
 1101 0430 D8       		.byte	-40
 1102 0431 04       		.byte	4
 1103 0432 D9       		.byte	-39
 1104 0433 04       		.byte	4
 1105 0434 DA       		.byte	-38
 1106 0435 04       		.byte	4
 1107 0436 DB       		.byte	-37
 1108 0437 04       		.byte	4
 1109 0438 DF       		.byte	-33
 1110 0439 01       		.byte	1
 1111 043a E0       		.byte	-32
 1112 043b 40       		.byte	64
 1113 043c E2       		.byte	-30
 1114 043d C0       		.byte	-64
 1115 043e E4       		.byte	-28
 1116 043f 40       		.byte	64
 1117 0440 E5       		.byte	-27
 1118 0441 40       		.byte	64
 1119 0442 E6       		.byte	-26
 1120 0443 C0       		.byte	-64
 1121 0444 E8       		.byte	-24
 1122 0445 C0       		.byte	-64
 1123 0446 EA       		.byte	-22
 1124 0447 C0       		.byte	-64
 1125 0448 EC       		.byte	-20
 1126 0449 C0       		.byte	-64
 1127 044a EE       		.byte	-18
 1128 044b C0       		.byte	-64
 1129 044c 04       		.byte	4
 1130 044d 10       		.byte	16
 1131 044e 07       		.byte	7
 1132 044f 40       		.byte	64
 1133 0450 0C       		.byte	12
 1134 0451 08       		.byte	8
 1135 0452 0F       		.byte	15
 1136 0453 02       		.byte	2
 1137 0454 17       		.byte	23
 1138 0455 04       		.byte	4
 1139 0456 1C       		.byte	28
 1140 0457 10       		.byte	16
ARM GAS  C:\Users\aashi\AppData\Local\Temp\ccTmCVMl.s 			page 21


 1141 0458 1D       		.byte	29
 1142 0459 08       		.byte	8
 1143 045a 1E       		.byte	30
 1144 045b 48       		.byte	72
 1145 045c 20       		.byte	32
 1146 045d 02       		.byte	2
 1147 045e 27       		.byte	39
 1148 045f 04       		.byte	4
 1149 0460 2B       		.byte	43
 1150 0461 01       		.byte	1
 1151 0462 31       		.byte	49
 1152 0463 08       		.byte	8
 1153 0464 3F       		.byte	63
 1154 0465 02       		.byte	2
 1155 0466 40       		.byte	64
 1156 0467 10       		.byte	16
 1157 0468 45       		.byte	69
 1158 0469 08       		.byte	8
 1159 046a 48       		.byte	72
 1160 046b 08       		.byte	8
 1161 046c 4C       		.byte	76
 1162 046d 08       		.byte	8
 1163 046e 4F       		.byte	79
 1164 046f 01       		.byte	1
 1165 0470 54       		.byte	84
 1166 0471 08       		.byte	8
 1167 0472 57       		.byte	87
 1168 0473 01       		.byte	1
 1169 0474 5E       		.byte	94
 1170 0475 48       		.byte	72
 1171 0476 5F       		.byte	95
 1172 0477 01       		.byte	1
 1173 0478 77       		.byte	119
 1174 0479 40       		.byte	64
 1175 047a C0       		.byte	-64
 1176 047b 50       		.byte	80
 1177 047c C2       		.byte	-62
 1178 047d A0       		.byte	-96
 1179 047e C4       		.byte	-60
 1180 047f 20       		.byte	32
 1181 0480 CA       		.byte	-54
 1182 0481 08       		.byte	8
 1183 0482 CC       		.byte	-52
 1184 0483 02       		.byte	2
 1185 0484 CE       		.byte	-50
 1186 0485 80       		.byte	-128
 1187 0486 D0       		.byte	-48
 1188 0487 42       		.byte	66
 1189 0488 D2       		.byte	-46
 1190 0489 24       		.byte	36
 1191 048a D6       		.byte	-42
 1192 048b D0       		.byte	-48
 1193 048c 05       		.byte	5
 1194 048d 24       		.byte	36
 1195 048e 07       		.byte	7
 1196 048f 40       		.byte	64
 1197 0490 0F       		.byte	15
ARM GAS  C:\Users\aashi\AppData\Local\Temp\ccTmCVMl.s 			page 22


 1198 0491 0C       		.byte	12
 1199 0492 15       		.byte	21
 1200 0493 31       		.byte	49
 1201 0494 17       		.byte	23
 1202 0495 44       		.byte	68
 1203 0496 19       		.byte	25
 1204 0497 40       		.byte	64
 1205 0498 1C       		.byte	28
 1206 0499 03       		.byte	3
 1207 049a 1D       		.byte	29
 1208 049b 41       		.byte	65
 1209 049c 1F       		.byte	31
 1210 049d 30       		.byte	48
 1211 049e 21       		.byte	33
 1212 049f 02       		.byte	2
 1213 04a0 22       		.byte	34
 1214 04a1 01       		.byte	1
 1215 04a2 24       		.byte	36
 1216 04a3 02       		.byte	2
 1217 04a4 25       		.byte	37
 1218 04a5 70       		.byte	112
 1219 04a6 27       		.byte	39
 1220 04a7 09       		.byte	9
 1221 04a8 28       		.byte	40
 1222 04a9 03       		.byte	3
 1223 04aa 2D       		.byte	45
 1224 04ab 50       		.byte	80
 1225 04ac 35       		.byte	53
 1226 04ad 03       		.byte	3
 1227 04ae 36       		.byte	54
 1228 04af 03       		.byte	3
 1229 04b0 37       		.byte	55
 1230 04b1 7C       		.byte	124
 1231 04b2 38       		.byte	56
 1232 04b3 80       		.byte	-128
 1233 04b4 39       		.byte	57
 1234 04b5 20       		.byte	32
 1235 04b6 3E       		.byte	62
 1236 04b7 40       		.byte	64
 1237 04b8 40       		.byte	64
 1238 04b9 01       		.byte	1
 1239 04ba 46       		.byte	70
 1240 04bb 40       		.byte	64
 1241 04bc 49       		.byte	73
 1242 04bd FF       		.byte	-1
 1243 04be 4A       		.byte	74
 1244 04bf 07       		.byte	7
 1245 04c0 4B       		.byte	75
 1246 04c1 FF       		.byte	-1
 1247 04c2 4C       		.byte	76
 1248 04c3 40       		.byte	64
 1249 04c4 4D       		.byte	77
 1250 04c5 20       		.byte	32
 1251 04c6 4E       		.byte	78
 1252 04c7 F0       		.byte	-16
 1253 04c8 4F       		.byte	79
 1254 04c9 05       		.byte	5
ARM GAS  C:\Users\aashi\AppData\Local\Temp\ccTmCVMl.s 			page 23


 1255 04ca 50       		.byte	80
 1256 04cb 08       		.byte	8
 1257 04cc 58       		.byte	88
 1258 04cd 04       		.byte	4
 1259 04ce 59       		.byte	89
 1260 04cf 04       		.byte	4
 1261 04d0 5A       		.byte	90
 1262 04d1 04       		.byte	4
 1263 04d2 5C       		.byte	92
 1264 04d3 10       		.byte	16
 1265 04d4 5D       		.byte	93
 1266 04d5 01       		.byte	1
 1267 04d6 5F       		.byte	95
 1268 04d7 01       		.byte	1
 1269 04d8 60       		.byte	96
 1270 04d9 40       		.byte	64
 1271 04da 61       		.byte	97
 1272 04db A8       		.byte	-88
 1273 04dc 62       		.byte	98
 1274 04dd 40       		.byte	64
 1275 04de 63       		.byte	99
 1276 04df 20       		.byte	32
 1277 04e0 81       		.byte	-127
 1278 04e1 01       		.byte	1
 1279 04e2 85       		.byte	-123
 1280 04e3 06       		.byte	6
 1281 04e4 87       		.byte	-121
 1282 04e5 08       		.byte	8
 1283 04e6 8A       		.byte	-118
 1284 04e7 01       		.byte	1
 1285 04e8 8C       		.byte	-116
 1286 04e9 01       		.byte	1
 1287 04ea 91       		.byte	-111
 1288 04eb 06       		.byte	6
 1289 04ec 93       		.byte	-109
 1290 04ed 18       		.byte	24
 1291 04ee 95       		.byte	-107
 1292 04ef 06       		.byte	6
 1293 04f0 97       		.byte	-105
 1294 04f1 08       		.byte	8
 1295 04f2 9B       		.byte	-101
 1296 04f3 10       		.byte	16
 1297 04f4 9E       		.byte	-98
 1298 04f5 01       		.byte	1
 1299 04f6 A3       		.byte	-93
 1300 04f7 0A       		.byte	10
 1301 04f8 A5       		.byte	-91
 1302 04f9 14       		.byte	20
 1303 04fa A6       		.byte	-90
 1304 04fb 01       		.byte	1
 1305 04fc A7       		.byte	-89
 1306 04fd 08       		.byte	8
 1307 04fe A8       		.byte	-88
 1308 04ff 01       		.byte	1
 1309 0500 B0       		.byte	-80
 1310 0501 01       		.byte	1
 1311 0502 B3       		.byte	-77
ARM GAS  C:\Users\aashi\AppData\Local\Temp\ccTmCVMl.s 			page 24


 1312 0503 01       		.byte	1
 1313 0504 B7       		.byte	-73
 1314 0505 1E       		.byte	30
 1315 0506 BB       		.byte	-69
 1316 0507 80       		.byte	-128
 1317 0508 BE       		.byte	-66
 1318 0509 01       		.byte	1
 1319 050a BF       		.byte	-65
 1320 050b 04       		.byte	4
 1321 050c C0       		.byte	-64
 1322 050d 46       		.byte	70
 1323 050e C1       		.byte	-63
 1324 050f 02       		.byte	2
 1325 0510 C5       		.byte	-59
 1326 0511 E0       		.byte	-32
 1327 0512 C7       		.byte	-57
 1328 0513 BC       		.byte	-68
 1329 0514 C8       		.byte	-56
 1330 0515 32       		.byte	50
 1331 0516 C9       		.byte	-55
 1332 0517 FF       		.byte	-1
 1333 0518 CA       		.byte	-54
 1334 0519 FF       		.byte	-1
 1335 051a CB       		.byte	-53
 1336 051b FF       		.byte	-1
 1337 051c CE       		.byte	-50
 1338 051d F0       		.byte	-16
 1339 051e CF       		.byte	-49
 1340 051f 44       		.byte	68
 1341 0520 D0       		.byte	-48
 1342 0521 0C       		.byte	12
 1343 0522 D4       		.byte	-44
 1344 0523 01       		.byte	1
 1345 0524 D8       		.byte	-40
 1346 0525 04       		.byte	4
 1347 0526 D9       		.byte	-39
 1348 0527 04       		.byte	4
 1349 0528 DA       		.byte	-38
 1350 0529 04       		.byte	4
 1351 052a DB       		.byte	-37
 1352 052b 04       		.byte	4
 1353 052c DC       		.byte	-36
 1354 052d 10       		.byte	16
 1355 052e DD       		.byte	-35
 1356 052f 11       		.byte	17
 1357 0530 DF       		.byte	-33
 1358 0531 01       		.byte	1
 1359 0532 E6       		.byte	-26
 1360 0533 C0       		.byte	-64
 1361 0534 EA       		.byte	-22
 1362 0535 40       		.byte	64
 1363 0536 EB       		.byte	-21
 1364 0537 02       		.byte	2
 1365 0538 04       		.byte	4
 1366 0539 10       		.byte	16
 1367 053a 06       		.byte	6
 1368 053b 04       		.byte	4
ARM GAS  C:\Users\aashi\AppData\Local\Temp\ccTmCVMl.s 			page 25


 1369 053c 07       		.byte	7
 1370 053d 01       		.byte	1
 1371 053e 09       		.byte	9
 1372 053f 40       		.byte	64
 1373 0540 0C       		.byte	12
 1374 0541 80       		.byte	-128
 1375 0542 10       		.byte	16
 1376 0543 94       		.byte	-108
 1377 0544 14       		.byte	20
 1378 0545 14       		.byte	20
 1379 0546 18       		.byte	24
 1380 0547 01       		.byte	1
 1381 0548 1E       		.byte	30
 1382 0549 80       		.byte	-128
 1383 054a 20       		.byte	32
 1384 054b 0C       		.byte	12
 1385 054c 21       		.byte	33
 1386 054d 40       		.byte	64
 1387 054e 22       		.byte	34
 1388 054f 20       		.byte	32
 1389 0550 25       		.byte	37
 1390 0551 40       		.byte	64
 1391 0552 26       		.byte	38
 1392 0553 84       		.byte	-124
 1393 0554 27       		.byte	39
 1394 0555 01       		.byte	1
 1395 0556 28       		.byte	40
 1396 0557 10       		.byte	16
 1397 0558 29       		.byte	41
 1398 0559 01       		.byte	1
 1399 055a 2B       		.byte	43
 1400 055b 01       		.byte	1
 1401 055c 2C       		.byte	44
 1402 055d 90       		.byte	-112
 1403 055e 30       		.byte	48
 1404 055f 04       		.byte	4
 1405 0560 32       		.byte	50
 1406 0561 80       		.byte	-128
 1407 0562 33       		.byte	51
 1408 0563 20       		.byte	32
 1409 0564 34       		.byte	52
 1410 0565 04       		.byte	4
 1411 0566 36       		.byte	54
 1412 0567 20       		.byte	32
 1413 0568 37       		.byte	55
 1414 0569 01       		.byte	1
 1415 056a 38       		.byte	56
 1416 056b 04       		.byte	4
 1417 056c 39       		.byte	57
 1418 056d 80       		.byte	-128
 1419 056e 3D       		.byte	61
 1420 056f 01       		.byte	1
 1421 0570 3F       		.byte	63
 1422 0571 08       		.byte	8
 1423 0572 40       		.byte	64
 1424 0573 01       		.byte	1
 1425 0574 44       		.byte	68
ARM GAS  C:\Users\aashi\AppData\Local\Temp\ccTmCVMl.s 			page 26


 1426 0575 04       		.byte	4
 1427 0576 47       		.byte	71
 1428 0577 01       		.byte	1
 1429 0578 48       		.byte	72
 1430 0579 80       		.byte	-128
 1431 057a 49       		.byte	73
 1432 057b 01       		.byte	1
 1433 057c 4D       		.byte	77
 1434 057d 01       		.byte	1
 1435 057e 4E       		.byte	78
 1436 057f 08       		.byte	8
 1437 0580 50       		.byte	80
 1438 0581 10       		.byte	16
 1439 0582 53       		.byte	83
 1440 0583 20       		.byte	32
 1441 0584 56       		.byte	86
 1442 0585 04       		.byte	4
 1443 0586 57       		.byte	87
 1444 0587 05       		.byte	5
 1445 0588 5C       		.byte	92
 1446 0589 10       		.byte	16
 1447 058a 5D       		.byte	93
 1448 058b 01       		.byte	1
 1449 058c 5E       		.byte	94
 1450 058d 88       		.byte	-120
 1451 058e 80       		.byte	-128
 1452 058f 10       		.byte	16
 1453 0590 84       		.byte	-124
 1454 0591 04       		.byte	4
 1455 0592 88       		.byte	-120
 1456 0593 14       		.byte	20
 1457 0594 89       		.byte	-119
 1458 0595 40       		.byte	64
 1459 0596 8C       		.byte	-116
 1460 0597 80       		.byte	-128
 1461 0598 8D       		.byte	-115
 1462 0599 40       		.byte	64
 1463 059a 8E       		.byte	-114
 1464 059b 08       		.byte	8
 1465 059c C0       		.byte	-64
 1466 059d C0       		.byte	-64
 1467 059e C2       		.byte	-62
 1468 059f 81       		.byte	-127
 1469 05a0 C4       		.byte	-60
 1470 05a1 6E       		.byte	110
 1471 05a2 CA       		.byte	-54
 1472 05a3 CB       		.byte	-53
 1473 05a4 CC       		.byte	-52
 1474 05a5 EE       		.byte	-18
 1475 05a6 CE       		.byte	-50
 1476 05a7 CA       		.byte	-54
 1477 05a8 D0       		.byte	-48
 1478 05a9 A8       		.byte	-88
 1479 05aa D2       		.byte	-46
 1480 05ab 20       		.byte	32
 1481 05ac D6       		.byte	-42
 1482 05ad F0       		.byte	-16
ARM GAS  C:\Users\aashi\AppData\Local\Temp\ccTmCVMl.s 			page 27


 1483 05ae E0       		.byte	-32
 1484 05af 04       		.byte	4
 1485 05b0 E4       		.byte	-28
 1486 05b1 02       		.byte	2
 1487 05b2 EE       		.byte	-18
 1488 05b3 02       		.byte	2
 1489 05b4 07       		.byte	7
 1490 05b5 02       		.byte	2
 1491 05b6 0B       		.byte	11
 1492 05b7 01       		.byte	1
 1493 05b8 0F       		.byte	15
 1494 05b9 02       		.byte	2
 1495 05ba 11       		.byte	17
 1496 05bb 02       		.byte	2
 1497 05bc 19       		.byte	25
 1498 05bd 02       		.byte	2
 1499 05be 1F       		.byte	31
 1500 05bf 01       		.byte	1
 1501 05c0 31       		.byte	49
 1502 05c1 02       		.byte	2
 1503 05c2 35       		.byte	53
 1504 05c3 01       		.byte	1
 1505 05c4 39       		.byte	57
 1506 05c5 02       		.byte	2
 1507 05c6 3F       		.byte	63
 1508 05c7 10       		.byte	16
 1509 05c8 59       		.byte	89
 1510 05c9 04       		.byte	4
 1511 05ca 5C       		.byte	92
 1512 05cb 10       		.byte	16
 1513 05cc 5F       		.byte	95
 1514 05cd 01       		.byte	1
 1515 05ce 81       		.byte	-127
 1516 05cf 80       		.byte	-128
 1517 05d0 85       		.byte	-123
 1518 05d1 F0       		.byte	-16
 1519 05d2 87       		.byte	-121
 1520 05d3 03       		.byte	3
 1521 05d4 89       		.byte	-119
 1522 05d5 40       		.byte	64
 1523 05d6 8A       		.byte	-118
 1524 05d7 04       		.byte	4
 1525 05d8 8D       		.byte	-115
 1526 05d9 33       		.byte	51
 1527 05da 8F       		.byte	-113
 1528 05db 08       		.byte	8
 1529 05dc 91       		.byte	-111
 1530 05dd F3       		.byte	-13
 1531 05de 95       		.byte	-107
 1532 05df 22       		.byte	34
 1533 05e0 96       		.byte	-106
 1534 05e1 01       		.byte	1
 1535 05e2 97       		.byte	-105
 1536 05e3 04       		.byte	4
 1537 05e4 99       		.byte	-103
 1538 05e5 33       		.byte	51
 1539 05e6 9A       		.byte	-102
ARM GAS  C:\Users\aashi\AppData\Local\Temp\ccTmCVMl.s 			page 28


 1540 05e7 02       		.byte	2
 1541 05e8 9B       		.byte	-101
 1542 05e9 C0       		.byte	-64
 1543 05ea A1       		.byte	-95
 1544 05eb C0       		.byte	-64
 1545 05ec A2       		.byte	-94
 1546 05ed 04       		.byte	4
 1547 05ee A3       		.byte	-93
 1548 05ef 33       		.byte	51
 1549 05f0 A5       		.byte	-91
 1550 05f1 11       		.byte	17
 1551 05f2 A6       		.byte	-90
 1552 05f3 02       		.byte	2
 1553 05f4 A7       		.byte	-89
 1554 05f5 04       		.byte	4
 1555 05f6 A9       		.byte	-87
 1556 05f7 C0       		.byte	-64
 1557 05f8 AA       		.byte	-86
 1558 05f9 01       		.byte	1
 1559 05fa AF       		.byte	-81
 1560 05fb 33       		.byte	51
 1561 05fc B1       		.byte	-79
 1562 05fd 03       		.byte	3
 1563 05fe B2       		.byte	-78
 1564 05ff 01       		.byte	1
 1565 0600 B4       		.byte	-76
 1566 0601 02       		.byte	2
 1567 0602 B5       		.byte	-75
 1568 0603 F0       		.byte	-16
 1569 0604 B6       		.byte	-74
 1570 0605 04       		.byte	4
 1571 0606 B7       		.byte	-73
 1572 0607 0C       		.byte	12
 1573 0608 BB       		.byte	-69
 1574 0609 20       		.byte	32
 1575 060a BE       		.byte	-66
 1576 060b 40       		.byte	64
 1577 060c BF       		.byte	-65
 1578 060d 40       		.byte	64
 1579 060e C0       		.byte	-64
 1580 060f 25       		.byte	37
 1581 0610 C1       		.byte	-63
 1582 0611 04       		.byte	4
 1583 0612 C2       		.byte	-62
 1584 0613 06       		.byte	6
 1585 0614 C4       		.byte	-60
 1586 0615 01       		.byte	1
 1587 0616 C5       		.byte	-59
 1588 0617 0E       		.byte	14
 1589 0618 C6       		.byte	-58
 1590 0619 0C       		.byte	12
 1591 061a C8       		.byte	-56
 1592 061b 05       		.byte	5
 1593 061c C9       		.byte	-55
 1594 061d FF       		.byte	-1
 1595 061e CA       		.byte	-54
 1596 061f FF       		.byte	-1
ARM GAS  C:\Users\aashi\AppData\Local\Temp\ccTmCVMl.s 			page 29


 1597 0620 CB       		.byte	-53
 1598 0621 FF       		.byte	-1
 1599 0622 CC       		.byte	-52
 1600 0623 62       		.byte	98
 1601 0624 CD       		.byte	-51
 1602 0625 A0       		.byte	-96
 1603 0626 CE       		.byte	-50
 1604 0627 F0       		.byte	-16
 1605 0628 CF       		.byte	-49
 1606 0629 41       		.byte	65
 1607 062a D0       		.byte	-48
 1608 062b 0C       		.byte	12
 1609 062c D4       		.byte	-44
 1610 062d 18       		.byte	24
 1611 062e D8       		.byte	-40
 1612 062f 04       		.byte	4
 1613 0630 D9       		.byte	-39
 1614 0631 04       		.byte	4
 1615 0632 DA       		.byte	-38
 1616 0633 04       		.byte	4
 1617 0634 DB       		.byte	-37
 1618 0635 04       		.byte	4
 1619 0636 DC       		.byte	-36
 1620 0637 10       		.byte	16
 1621 0638 DD       		.byte	-35
 1622 0639 11       		.byte	17
 1623 063a DF       		.byte	-33
 1624 063b 01       		.byte	1
 1625 063c E6       		.byte	-26
 1626 063d 40       		.byte	64
 1627 063e E7       		.byte	-25
 1628 063f 02       		.byte	2
 1629 0640 E9       		.byte	-23
 1630 0641 10       		.byte	16
 1631 0642 EA       		.byte	-22
 1632 0643 30       		.byte	48
 1633 0644 EB       		.byte	-21
 1634 0645 10       		.byte	16
 1635 0646 ED       		.byte	-19
 1636 0647 10       		.byte	16
 1637 0648 EE       		.byte	-18
 1638 0649 10       		.byte	16
 1639 064a EF       		.byte	-17
 1640 064b 12       		.byte	18
 1641 064c 01       		.byte	1
 1642 064d 20       		.byte	32
 1643 064e 09       		.byte	9
 1644 064f 20       		.byte	32
 1645 0650 0A       		.byte	10
 1646 0651 20       		.byte	32
 1647 0652 10       		.byte	16
 1648 0653 80       		.byte	-128
 1649 0654 11       		.byte	17
 1650 0655 20       		.byte	32
 1651 0656 12       		.byte	18
 1652 0657 10       		.byte	16
 1653 0658 19       		.byte	25
ARM GAS  C:\Users\aashi\AppData\Local\Temp\ccTmCVMl.s 			page 30


 1654 0659 48       		.byte	72
 1655 065a 1B       		.byte	27
 1656 065b 20       		.byte	32
 1657 065c 20       		.byte	32
 1658 065d 01       		.byte	1
 1659 065e 21       		.byte	33
 1660 065f 10       		.byte	16
 1661 0660 22       		.byte	34
 1662 0661 21       		.byte	33
 1663 0662 24       		.byte	36
 1664 0663 04       		.byte	4
 1665 0664 27       		.byte	39
 1666 0665 80       		.byte	-128
 1667 0666 28       		.byte	40
 1668 0667 20       		.byte	32
 1669 0668 29       		.byte	41
 1670 0669 80       		.byte	-128
 1671 066a 2A       		.byte	42
 1672 066b 20       		.byte	32
 1673 066c 2B       		.byte	43
 1674 066d 40       		.byte	64
 1675 066e 32       		.byte	50
 1676 066f 24       		.byte	36
 1677 0670 33       		.byte	51
 1678 0671 01       		.byte	1
 1679 0672 36       		.byte	54
 1680 0673 20       		.byte	32
 1681 0674 37       		.byte	55
 1682 0675 81       		.byte	-127
 1683 0676 38       		.byte	56
 1684 0677 20       		.byte	32
 1685 0678 39       		.byte	57
 1686 0679 08       		.byte	8
 1687 067a 3A       		.byte	58
 1688 067b 02       		.byte	2
 1689 067c 3B       		.byte	59
 1690 067d 44       		.byte	68
 1691 067e 3C       		.byte	60
 1692 067f 20       		.byte	32
 1693 0680 3F       		.byte	63
 1694 0681 84       		.byte	-124
 1695 0682 40       		.byte	64
 1696 0683 01       		.byte	1
 1697 0684 41       		.byte	65
 1698 0685 10       		.byte	16
 1699 0686 43       		.byte	67
 1700 0687 01       		.byte	1
 1701 0688 48       		.byte	72
 1702 0689 10       		.byte	16
 1703 068a 49       		.byte	73
 1704 068b A0       		.byte	-96
 1705 068c 50       		.byte	80
 1706 068d 80       		.byte	-128
 1707 068e 5A       		.byte	90
 1708 068f 02       		.byte	2
 1709 0690 60       		.byte	96
 1710 0691 04       		.byte	4
ARM GAS  C:\Users\aashi\AppData\Local\Temp\ccTmCVMl.s 			page 31


 1711 0692 61       		.byte	97
 1712 0693 40       		.byte	64
 1713 0694 90       		.byte	-112
 1714 0695 20       		.byte	32
 1715 0696 91       		.byte	-111
 1716 0697 1C       		.byte	28
 1717 0698 99       		.byte	-103
 1718 0699 A0       		.byte	-96
 1719 069a 9A       		.byte	-102
 1720 069b 32       		.byte	50
 1721 069c 9B       		.byte	-101
 1722 069d 01       		.byte	1
 1723 069e 9C       		.byte	-100
 1724 069f 20       		.byte	32
 1725 06a0 A1       		.byte	-95
 1726 06a1 20       		.byte	32
 1727 06a2 A3       		.byte	-93
 1728 06a3 40       		.byte	64
 1729 06a4 A5       		.byte	-91
 1730 06a5 80       		.byte	-128
 1731 06a6 A6       		.byte	-90
 1732 06a7 20       		.byte	32
 1733 06a8 C0       		.byte	-64
 1734 06a9 02       		.byte	2
 1735 06aa C2       		.byte	-62
 1736 06ab 06       		.byte	6
 1737 06ac C4       		.byte	-60
 1738 06ad 0E       		.byte	14
 1739 06ae CA       		.byte	-54
 1740 06af 0F       		.byte	15
 1741 06b0 CC       		.byte	-52
 1742 06b1 B7       		.byte	-73
 1743 06b2 CE       		.byte	-50
 1744 06b3 7F       		.byte	127
 1745 06b4 D0       		.byte	-48
 1746 06b5 0D       		.byte	13
 1747 06b6 D2       		.byte	-46
 1748 06b7 0C       		.byte	12
 1749 06b8 D6       		.byte	-42
 1750 06b9 01       		.byte	1
 1751 06ba D8       		.byte	-40
 1752 06bb 0C       		.byte	12
 1753 06bc 05       		.byte	5
 1754 06bd 1F       		.byte	31
 1755 06be 08       		.byte	8
 1756 06bf 08       		.byte	8
 1757 06c0 09       		.byte	9
 1758 06c1 1F       		.byte	31
 1759 06c2 0D       		.byte	13
 1760 06c3 08       		.byte	8
 1761 06c4 0F       		.byte	15
 1762 06c5 14       		.byte	20
 1763 06c6 12       		.byte	18
 1764 06c7 02       		.byte	2
 1765 06c8 15       		.byte	21
 1766 06c9 12       		.byte	18
 1767 06ca 16       		.byte	22
ARM GAS  C:\Users\aashi\AppData\Local\Temp\ccTmCVMl.s 			page 32


 1768 06cb 0C       		.byte	12
 1769 06cc 17       		.byte	23
 1770 06cd 09       		.byte	9
 1771 06ce 1A       		.byte	26
 1772 06cf 02       		.byte	2
 1773 06d0 25       		.byte	37
 1774 06d1 05       		.byte	5
 1775 06d2 27       		.byte	39
 1776 06d3 2A       		.byte	42
 1777 06d4 2E       		.byte	46
 1778 06d5 01       		.byte	1
 1779 06d6 30       		.byte	48
 1780 06d7 02       		.byte	2
 1781 06d8 31       		.byte	49
 1782 06d9 1C       		.byte	28
 1783 06da 32       		.byte	50
 1784 06db 04       		.byte	4
 1785 06dc 33       		.byte	51
 1786 06dd 03       		.byte	3
 1787 06de 34       		.byte	52
 1788 06df 01       		.byte	1
 1789 06e0 36       		.byte	54
 1790 06e1 08       		.byte	8
 1791 06e2 37       		.byte	55
 1792 06e3 20       		.byte	32
 1793 06e4 3E       		.byte	62
 1794 06e5 01       		.byte	1
 1795 06e6 40       		.byte	64
 1796 06e7 20       		.byte	32
 1797 06e8 41       		.byte	65
 1798 06e9 04       		.byte	4
 1799 06ea 49       		.byte	73
 1800 06eb FF       		.byte	-1
 1801 06ec 4A       		.byte	74
 1802 06ed FF       		.byte	-1
 1803 06ee 4B       		.byte	75
 1804 06ef FF       		.byte	-1
 1805 06f0 4D       		.byte	77
 1806 06f1 A0       		.byte	-96
 1807 06f2 4F       		.byte	79
 1808 06f3 04       		.byte	4
 1809 06f4 50       		.byte	80
 1810 06f5 18       		.byte	24
 1811 06f6 52       		.byte	82
 1812 06f7 80       		.byte	-128
 1813 06f8 54       		.byte	84
 1814 06f9 05       		.byte	5
 1815 06fa 58       		.byte	88
 1816 06fb 04       		.byte	4
 1817 06fc 59       		.byte	89
 1818 06fd 04       		.byte	4
 1819 06fe 5A       		.byte	90
 1820 06ff 04       		.byte	4
 1821 0700 5B       		.byte	91
 1822 0701 04       		.byte	4
 1823 0702 5C       		.byte	92
 1824 0703 10       		.byte	16
ARM GAS  C:\Users\aashi\AppData\Local\Temp\ccTmCVMl.s 			page 33


 1825 0704 5F       		.byte	95
 1826 0705 01       		.byte	1
 1827 0706 60       		.byte	96
 1828 0707 40       		.byte	64
 1829 0708 62       		.byte	98
 1830 0709 C0       		.byte	-64
 1831 070a 64       		.byte	100
 1832 070b 40       		.byte	64
 1833 070c 65       		.byte	101
 1834 070d 40       		.byte	64
 1835 070e 66       		.byte	102
 1836 070f C0       		.byte	-64
 1837 0710 68       		.byte	104
 1838 0711 C0       		.byte	-64
 1839 0712 6A       		.byte	106
 1840 0713 C0       		.byte	-64
 1841 0714 6C       		.byte	108
 1842 0715 C0       		.byte	-64
 1843 0716 6E       		.byte	110
 1844 0717 C0       		.byte	-64
 1845 0718 81       		.byte	-127
 1846 0719 01       		.byte	1
 1847 071a 83       		.byte	-125
 1848 071b 0E       		.byte	14
 1849 071c 86       		.byte	-122
 1850 071d 05       		.byte	5
 1851 071e 88       		.byte	-120
 1852 071f 08       		.byte	8
 1853 0720 8F       		.byte	-113
 1854 0721 03       		.byte	3
 1855 0722 91       		.byte	-111
 1856 0723 0C       		.byte	12
 1857 0724 92       		.byte	-110
 1858 0725 01       		.byte	1
 1859 0726 93       		.byte	-109
 1860 0727 03       		.byte	3
 1861 0728 97       		.byte	-105
 1862 0729 08       		.byte	8
 1863 072a 99       		.byte	-103
 1864 072b 01       		.byte	1
 1865 072c 9A       		.byte	-102
 1866 072d 06       		.byte	6
 1867 072e 9B       		.byte	-101
 1868 072f 06       		.byte	6
 1869 0730 9E       		.byte	-98
 1870 0731 03       		.byte	3
 1871 0732 A0       		.byte	-96
 1872 0733 06       		.byte	6
 1873 0734 A2       		.byte	-94
 1874 0735 01       		.byte	1
 1875 0736 A7       		.byte	-89
 1876 0737 0C       		.byte	12
 1877 0738 AA       		.byte	-86
 1878 0739 02       		.byte	2
 1879 073a B2       		.byte	-78
 1880 073b 08       		.byte	8
 1881 073c B6       		.byte	-74
ARM GAS  C:\Users\aashi\AppData\Local\Temp\ccTmCVMl.s 			page 34


 1882 073d 07       		.byte	7
 1883 073e B7       		.byte	-73
 1884 073f 0F       		.byte	15
 1885 0740 BA       		.byte	-70
 1886 0741 80       		.byte	-128
 1887 0742 BB       		.byte	-69
 1888 0743 80       		.byte	-128
 1889 0744 BE       		.byte	-66
 1890 0745 04       		.byte	4
 1891 0746 C0       		.byte	-64
 1892 0747 60       		.byte	96
 1893 0748 C1       		.byte	-63
 1894 0749 04       		.byte	4
 1895 074a C5       		.byte	-59
 1896 074b D1       		.byte	-47
 1897 074c C7       		.byte	-57
 1898 074d 20       		.byte	32
 1899 074e C8       		.byte	-56
 1900 074f 23       		.byte	35
 1901 0750 C9       		.byte	-55
 1902 0751 FF       		.byte	-1
 1903 0752 CA       		.byte	-54
 1904 0753 FF       		.byte	-1
 1905 0754 CB       		.byte	-53
 1906 0755 FF       		.byte	-1
 1907 0756 CD       		.byte	-51
 1908 0757 AF       		.byte	-81
 1909 0758 CE       		.byte	-50
 1910 0759 0F       		.byte	15
 1911 075a CF       		.byte	-49
 1912 075b 04       		.byte	4
 1913 075c D0       		.byte	-48
 1914 075d 18       		.byte	24
 1915 075e D8       		.byte	-40
 1916 075f 04       		.byte	4
 1917 0760 D9       		.byte	-39
 1918 0761 04       		.byte	4
 1919 0762 DA       		.byte	-38
 1920 0763 04       		.byte	4
 1921 0764 DC       		.byte	-36
 1922 0765 11       		.byte	17
 1923 0766 DF       		.byte	-33
 1924 0767 01       		.byte	1
 1925 0768 E0       		.byte	-32
 1926 0769 40       		.byte	64
 1927 076a E2       		.byte	-30
 1928 076b C0       		.byte	-64
 1929 076c E4       		.byte	-28
 1930 076d 40       		.byte	64
 1931 076e E5       		.byte	-27
 1932 076f 40       		.byte	64
 1933 0770 E6       		.byte	-26
 1934 0771 C0       		.byte	-64
 1935 0772 E8       		.byte	-24
 1936 0773 C0       		.byte	-64
 1937 0774 EA       		.byte	-22
 1938 0775 C0       		.byte	-64
ARM GAS  C:\Users\aashi\AppData\Local\Temp\ccTmCVMl.s 			page 35


 1939 0776 EC       		.byte	-20
 1940 0777 C0       		.byte	-64
 1941 0778 EE       		.byte	-18
 1942 0779 C0       		.byte	-64
 1943 077a 03       		.byte	3
 1944 077b 08       		.byte	8
 1945 077c 06       		.byte	6
 1946 077d 04       		.byte	4
 1947 077e 07       		.byte	7
 1948 077f 20       		.byte	32
 1949 0780 09       		.byte	9
 1950 0781 11       		.byte	17
 1951 0782 0A       		.byte	10
 1952 0783 24       		.byte	36
 1953 0784 0C       		.byte	12
 1954 0785 10       		.byte	16
 1955 0786 0E       		.byte	14
 1956 0787 01       		.byte	1
 1957 0788 0F       		.byte	15
 1958 0789 80       		.byte	-128
 1959 078a 10       		.byte	16
 1960 078b 02       		.byte	2
 1961 078c 17       		.byte	23
 1962 078d 12       		.byte	18
 1963 078e 18       		.byte	24
 1964 078f 40       		.byte	64
 1965 0790 19       		.byte	25
 1966 0791 80       		.byte	-128
 1967 0792 1A       		.byte	26
 1968 0793 04       		.byte	4
 1969 0794 1B       		.byte	27
 1970 0795 18       		.byte	24
 1971 0796 1D       		.byte	29
 1972 0797 04       		.byte	4
 1973 0798 1E       		.byte	30
 1974 0799 01       		.byte	1
 1975 079a 21       		.byte	33
 1976 079b 80       		.byte	-128
 1977 079c 22       		.byte	34
 1978 079d 04       		.byte	4
 1979 079e 23       		.byte	35
 1980 079f 40       		.byte	64
 1981 07a0 27       		.byte	39
 1982 07a1 02       		.byte	2
 1983 07a2 28       		.byte	40
 1984 07a3 20       		.byte	32
 1985 07a4 2C       		.byte	44
 1986 07a5 10       		.byte	16
 1987 07a6 32       		.byte	50
 1988 07a7 04       		.byte	4
 1989 07a8 36       		.byte	54
 1990 07a9 08       		.byte	8
 1991 07aa 37       		.byte	55
 1992 07ab 22       		.byte	34
 1993 07ac 39       		.byte	57
 1994 07ad 14       		.byte	20
 1995 07ae 3B       		.byte	59
ARM GAS  C:\Users\aashi\AppData\Local\Temp\ccTmCVMl.s 			page 36


 1996 07af 40       		.byte	64
 1997 07b0 3E       		.byte	62
 1998 07b1 01       		.byte	1
 1999 07b2 3F       		.byte	63
 2000 07b3 80       		.byte	-128
 2001 07b4 42       		.byte	66
 2002 07b5 04       		.byte	4
 2003 07b6 43       		.byte	67
 2004 07b7 02       		.byte	2
 2005 07b8 45       		.byte	69
 2006 07b9 01       		.byte	1
 2007 07ba 4D       		.byte	77
 2008 07bb 02       		.byte	2
 2009 07bc 4E       		.byte	78
 2010 07bd 10       		.byte	16
 2011 07be 4F       		.byte	79
 2012 07bf 20       		.byte	32
 2013 07c0 55       		.byte	85
 2014 07c1 01       		.byte	1
 2015 07c2 57       		.byte	87
 2016 07c3 02       		.byte	2
 2017 07c4 58       		.byte	88
 2018 07c5 08       		.byte	8
 2019 07c6 59       		.byte	89
 2020 07c7 82       		.byte	-126
 2021 07c8 70       		.byte	112
 2022 07c9 02       		.byte	2
 2023 07ca 80       		.byte	-128
 2024 07cb 48       		.byte	72
 2025 07cc 81       		.byte	-127
 2026 07cd 04       		.byte	4
 2027 07ce 82       		.byte	-126
 2028 07cf 08       		.byte	8
 2029 07d0 83       		.byte	-125
 2030 07d1 10       		.byte	16
 2031 07d2 84       		.byte	-124
 2032 07d3 10       		.byte	16
 2033 07d4 8A       		.byte	-118
 2034 07d5 01       		.byte	1
 2035 07d6 8B       		.byte	-117
 2036 07d7 22       		.byte	34
 2037 07d8 8C       		.byte	-116
 2038 07d9 20       		.byte	32
 2039 07da 8E       		.byte	-114
 2040 07db 04       		.byte	4
 2041 07dc 8F       		.byte	-113
 2042 07dd 40       		.byte	64
 2043 07de 91       		.byte	-111
 2044 07df 14       		.byte	20
 2045 07e0 96       		.byte	-106
 2046 07e1 28       		.byte	40
 2047 07e2 97       		.byte	-105
 2048 07e3 40       		.byte	64
 2049 07e4 9C       		.byte	-100
 2050 07e5 20       		.byte	32
 2051 07e6 A5       		.byte	-91
 2052 07e7 90       		.byte	-112
ARM GAS  C:\Users\aashi\AppData\Local\Temp\ccTmCVMl.s 			page 37


 2053 07e8 AF       		.byte	-81
 2054 07e9 20       		.byte	32
 2055 07ea B1       		.byte	-79
 2056 07eb 08       		.byte	8
 2057 07ec C0       		.byte	-64
 2058 07ed 62       		.byte	98
 2059 07ee C2       		.byte	-62
 2060 07ef DE       		.byte	-34
 2061 07f0 C4       		.byte	-60
 2062 07f1 51       		.byte	81
 2063 07f2 CA       		.byte	-54
 2064 07f3 42       		.byte	66
 2065 07f4 CC       		.byte	-52
 2066 07f5 E2       		.byte	-30
 2067 07f6 CE       		.byte	-50
 2068 07f7 9E       		.byte	-98
 2069 07f8 D0       		.byte	-48
 2070 07f9 85       		.byte	-123
 2071 07fa D2       		.byte	-46
 2072 07fb 20       		.byte	32
 2073 07fc D6       		.byte	-42
 2074 07fd 0B       		.byte	11
 2075 07fe E2       		.byte	-30
 2076 07ff 20       		.byte	32
 2077 0800 E4       		.byte	-28
 2078 0801 71       		.byte	113
 2079 0802 E6       		.byte	-26
 2080 0803 80       		.byte	-128
 2081 0804 EC       		.byte	-20
 2082 0805 08       		.byte	8
 2083 0806 EE       		.byte	-18
 2084 0807 02       		.byte	2
 2085 0808 30       		.byte	48
 2086 0809 40       		.byte	64
 2087 080a 33       		.byte	51
 2088 080b 08       		.byte	8
 2089 080c 36       		.byte	54
 2090 080d 80       		.byte	-128
 2091 080e CC       		.byte	-52
 2092 080f 70       		.byte	112
 2093 0810 9C       		.byte	-100
 2094 0811 40       		.byte	64
 2095 0812 A6       		.byte	-90
 2096 0813 80       		.byte	-128
 2097 0814 A7       		.byte	-89
 2098 0815 08       		.byte	8
 2099 0816 12       		.byte	18
 2100 0817 80       		.byte	-128
 2101 0818 14       		.byte	20
 2102 0819 40       		.byte	64
 2103 081a 9C       		.byte	-100
 2104 081b 40       		.byte	64
 2105 081c A6       		.byte	-90
 2106 081d 80       		.byte	-128
 2107 081e A7       		.byte	-89
 2108 081f 08       		.byte	8
 2109 0820 C4       		.byte	-60
ARM GAS  C:\Users\aashi\AppData\Local\Temp\ccTmCVMl.s 			page 38


 2110 0821 30       		.byte	48
 2111 0822 6B       		.byte	107
 2112 0823 80       		.byte	-128
 2113 0824 77       		.byte	119
 2114 0825 04       		.byte	4
 2115 0826 83       		.byte	-125
 2116 0827 84       		.byte	-124
 2117 0828 A7       		.byte	-89
 2118 0829 08       		.byte	8
 2119 082a DC       		.byte	-36
 2120 082b 60       		.byte	96
 2121 082c E2       		.byte	-30
 2122 082d 80       		.byte	-128
 2123 082e 57       		.byte	87
 2124 082f 08       		.byte	8
 2125 0830 58       		.byte	88
 2126 0831 40       		.byte	64
 2127 0832 5C       		.byte	92
 2128 0833 10       		.byte	16
 2129 0834 8F       		.byte	-113
 2130 0835 08       		.byte	8
 2131 0836 98       		.byte	-104
 2132 0837 40       		.byte	64
 2133 0838 B0       		.byte	-80
 2134 0839 40       		.byte	64
 2135 083a D4       		.byte	-44
 2136 083b 03       		.byte	3
 2137 083c D6       		.byte	-42
 2138 083d 04       		.byte	4
 2139 083e E0       		.byte	-32
 2140 083f 08       		.byte	8
 2141 0840 E8       		.byte	-24
 2142 0841 01       		.byte	1
 2143 0842 A8       		.byte	-88
 2144 0843 10       		.byte	16
 2145 0844 A7       		.byte	-89
 2146 0845 08       		.byte	8
 2147 0846 AF       		.byte	-81
 2148 0847 08       		.byte	8
 2149 0848 EE       		.byte	-18
 2150 0849 40       		.byte	64
 2151 084a 1F       		.byte	31
 2152 084b 10       		.byte	16
 2153 084c 63       		.byte	99
 2154 084d 02       		.byte	2
 2155 084e 67       		.byte	103
 2156 084f 08       		.byte	8
 2157 0850 C6       		.byte	-58
 2158 0851 01       		.byte	1
 2159 0852 D6       		.byte	-42
 2160 0853 02       		.byte	2
 2161 0854 D8       		.byte	-40
 2162 0855 01       		.byte	1
 2163 0856 12       		.byte	18
 2164 0857 80       		.byte	-128
 2165 0858 70       		.byte	112
 2166 0859 04       		.byte	4
ARM GAS  C:\Users\aashi\AppData\Local\Temp\ccTmCVMl.s 			page 39


 2167 085a 80       		.byte	-128
 2168 085b 04       		.byte	4
 2169 085c 8E       		.byte	-114
 2170 085d 80       		.byte	-128
 2171 085e AF       		.byte	-81
 2172 085f 14       		.byte	20
 2173 0860 B3       		.byte	-77
 2174 0861 01       		.byte	1
 2175 0862 C4       		.byte	-60
 2176 0863 08       		.byte	8
 2177 0864 DC       		.byte	-36
 2178 0865 01       		.byte	1
 2179 0866 E2       		.byte	-30
 2180 0867 02       		.byte	2
 2181 0868 E8       		.byte	-24
 2182 0869 01       		.byte	1
 2183 086a 00       		.byte	0
 2184 086b 03       		.byte	3
 2185 086c 0C       		.byte	12
 2186 086d 03       		.byte	3
 2187 086e 0E       		.byte	14
 2188 086f 01       		.byte	1
 2189 0870 10       		.byte	16
 2190 0871 03       		.byte	3
 2191 0872 1A       		.byte	26
 2192 0873 02       		.byte	2
 2193 0874 1C       		.byte	28
 2194 0875 03       		.byte	3
 2195 0876 00       		.byte	0
 2196 0877 3A       		.byte	58
 2197 0878 00       		.byte	0
 2198 0879 00       		.byte	0
 2199 087a 00       		.byte	0
 2200 087b 00       		.byte	0
 2201 087c 00       		.byte	0
 2202 087d 00       		.byte	0
 2203 087e 04       		.byte	4
 2204 087f 00       		.byte	0
 2205 0880 80       		.byte	-128
 2206 0881 00       		.byte	0
 2207 0882 40       		.byte	64
 2208 0883 80       		.byte	-128
 2209 0884 80       		.byte	-128
 2210 0885 00       		.byte	0
 2211 0886 80       		.byte	-128
 2212 0887 00       		.byte	0
 2213 0888 00       		.byte	0
 2214 0889 00       		.byte	0
 2215 088a 00       		.byte	0
 2216 088b 00       		.byte	0
 2217 088c 00       		.byte	0
 2218 088d CB       		.byte	-53
 2219 088e CB       		.byte	-53
 2220 088f 00       		.byte	0
 2221 0890 C0       		.byte	-64
 2222 0891 00       		.byte	0
 2223 0892 00       		.byte	0
ARM GAS  C:\Users\aashi\AppData\Local\Temp\ccTmCVMl.s 			page 40


 2224 0893 00       		.byte	0
 2225 0894 00       		.byte	0
 2226 0895 07       		.byte	7
 2227 0896 07       		.byte	7
 2228 0897 00       		.byte	0
 2229 0898 07       		.byte	7
 2230 0899 00       		.byte	0
 2231 089a 00       		.byte	0
 2232 089b 00       		.byte	0
 2233 089c 02       		.byte	2
 2234 089d 00       		.byte	0
 2235 089e 00       		.byte	0
 2236 089f 00       		.byte	0
 2237 08a0 00       		.byte	0
 2238 08a1 00       		.byte	0
 2239 08a2 00       		.byte	0
 2240 08a3 00       		.byte	0
 2241 08a4 02       		.byte	2
 2242 08a5 00       		.byte	0
 2243 08a6 00       		.byte	0
 2244 08a7 00       		.byte	0
 2245 08a8 01       		.byte	1
 2246 08a9 00       		.byte	0
 2247 08aa 18       		.byte	24
 2248 08ab 01       		.byte	1
 2249              		.section	.cywolatch,"a",%progbits
 2250              		.align	2
 2251              		.type	cy_meta_wonvl, %object
 2252              		.size	cy_meta_wonvl, 4
 2253              	cy_meta_wonvl:
 2254 0000 BC       		.byte	-68
 2255 0001 90       		.byte	-112
 2256 0002 AC       		.byte	-84
 2257 0003 AF       		.byte	-81
 2258              		.section	.cycustnvl,"a",%progbits
 2259              		.align	2
 2260              		.type	cy_meta_custnvl, %object
 2261              		.size	cy_meta_custnvl, 4
 2262              	cy_meta_custnvl:
 2263 0000 00       		.byte	0
 2264 0001 00       		.byte	0
 2265 0002 40       		.byte	64
 2266 0003 05       		.byte	5
 2267              		.section	.cymeta,"a",%progbits
 2268              		.align	2
 2269              		.type	cy_metadata, %object
 2270              		.size	cy_metadata, 12
 2271              	cy_metadata:
 2272 0000 00       		.byte	0
 2273 0001 01       		.byte	1
 2274 0002 2E       		.byte	46
 2275 0003 16       		.byte	22
 2276 0004 10       		.byte	16
 2277 0005 69       		.byte	105
 2278 0006 00       		.byte	0
 2279 0007 01       		.byte	1
 2280 0008 00       		.byte	0
ARM GAS  C:\Users\aashi\AppData\Local\Temp\ccTmCVMl.s 			page 41


 2281 0009 00       		.byte	0
 2282 000a 00       		.byte	0
 2283 000b 00       		.byte	0
 2284              		.section	.cyflashprotect,"a",%progbits
 2285              		.align	2
 2286              		.type	cy_meta_flashprotect, %object
 2287              		.size	cy_meta_flashprotect, 256
 2288              	cy_meta_flashprotect:
 2289 0000 00000000 		.space	256
 2289      00000000 
 2289      00000000 
 2289      00000000 
 2289      00000000 
 2290              		.text
 2291              	.Letext0:
 2292              		.file 1 "c:\\program files (x86)\\cypress\\psoc creator\\4.2\\psoc creator\\import\\gnu\\arm\\5.4.
 2293              		.file 2 "c:\\program files (x86)\\cypress\\psoc creator\\4.2\\psoc creator\\import\\gnu\\arm\\5.4.
 2294              		.file 3 "Generated_Source\\PSoC5\\cymetadata.c"
 2295              		.section	.debug_info,"",%progbits
 2296              	.Ldebug_info0:
 2297 0000 35010000 		.4byte	0x135
 2298 0004 0400     		.2byte	0x4
 2299 0006 00000000 		.4byte	.Ldebug_abbrev0
 2300 000a 04       		.byte	0x4
 2301 000b 01       		.uleb128 0x1
 2302 000c 24000000 		.4byte	.LASF17
 2303 0010 0C       		.byte	0xc
 2304 0011 B9010000 		.4byte	.LASF18
 2305 0015 E7000000 		.4byte	.LASF19
 2306 0019 00000000 		.4byte	.Ldebug_line0
 2307 001d 02       		.uleb128 0x2
 2308 001e 01       		.byte	0x1
 2309 001f 06       		.byte	0x6
 2310 0020 AD010000 		.4byte	.LASF0
 2311 0024 03       		.uleb128 0x3
 2312 0025 00000000 		.4byte	.LASF9
 2313 0029 01       		.byte	0x1
 2314 002a 1D       		.byte	0x1d
 2315 002b 2F000000 		.4byte	0x2f
 2316 002f 02       		.uleb128 0x2
 2317 0030 01       		.byte	0x1
 2318 0031 08       		.byte	0x8
 2319 0032 16000000 		.4byte	.LASF1
 2320 0036 02       		.uleb128 0x2
 2321 0037 02       		.byte	0x2
 2322 0038 05       		.byte	0x5
 2323 0039 9A010000 		.4byte	.LASF2
 2324 003d 02       		.uleb128 0x2
 2325 003e 02       		.byte	0x2
 2326 003f 07       		.byte	0x7
 2327 0040 C4000000 		.4byte	.LASF3
 2328 0044 02       		.uleb128 0x2
 2329 0045 04       		.byte	0x4
 2330 0046 05       		.byte	0x5
 2331 0047 A4010000 		.4byte	.LASF4
 2332 004b 02       		.uleb128 0x2
 2333 004c 04       		.byte	0x4
ARM GAS  C:\Users\aashi\AppData\Local\Temp\ccTmCVMl.s 			page 42


 2334 004d 07       		.byte	0x7
 2335 004e B2000000 		.4byte	.LASF5
 2336 0052 02       		.uleb128 0x2
 2337 0053 08       		.byte	0x8
 2338 0054 05       		.byte	0x5
 2339 0055 8C010000 		.4byte	.LASF6
 2340 0059 02       		.uleb128 0x2
 2341 005a 08       		.byte	0x8
 2342 005b 07       		.byte	0x7
 2343 005c 2F010000 		.4byte	.LASF7
 2344 0060 04       		.uleb128 0x4
 2345 0061 04       		.byte	0x4
 2346 0062 05       		.byte	0x5
 2347 0063 696E7400 		.ascii	"int\000"
 2348 0067 02       		.uleb128 0x2
 2349 0068 04       		.byte	0x4
 2350 0069 07       		.byte	0x7
 2351 006a 22010000 		.4byte	.LASF8
 2352 006e 03       		.uleb128 0x3
 2353 006f 46010000 		.4byte	.LASF10
 2354 0073 02       		.byte	0x2
 2355 0074 18       		.byte	0x18
 2356 0075 24000000 		.4byte	0x24
 2357 0079 05       		.uleb128 0x5
 2358 007a 91000000 		.4byte	0x91
 2359 007e 8A000000 		.4byte	0x8a
 2360 0082 06       		.uleb128 0x6
 2361 0083 8A000000 		.4byte	0x8a
 2362 0087 AB08     		.2byte	0x8ab
 2363 0089 00       		.byte	0
 2364 008a 02       		.uleb128 0x2
 2365 008b 04       		.byte	0x4
 2366 008c 07       		.byte	0x7
 2367 008d 71010000 		.4byte	.LASF11
 2368 0091 07       		.uleb128 0x7
 2369 0092 6E000000 		.4byte	0x6e
 2370 0096 08       		.uleb128 0x8
 2371 0097 7A010000 		.4byte	.LASF12
 2372 009b 03       		.byte	0x3
 2373 009c 1F       		.byte	0x1f
 2374 009d A7000000 		.4byte	0xa7
 2375 00a1 05       		.uleb128 0x5
 2376 00a2 03       		.byte	0x3
 2377 00a3 00000000 		.4byte	cy_meta_configecc
 2378 00a7 07       		.uleb128 0x7
 2379 00a8 79000000 		.4byte	0x79
 2380 00ac 05       		.uleb128 0x5
 2381 00ad 91000000 		.4byte	0x91
 2382 00b1 BC000000 		.4byte	0xbc
 2383 00b5 09       		.uleb128 0x9
 2384 00b6 8A000000 		.4byte	0x8a
 2385 00ba 03       		.byte	0x3
 2386 00bb 00       		.byte	0
 2387 00bc 0A       		.uleb128 0xa
 2388 00bd D7000000 		.4byte	.LASF13
 2389 00c1 03       		.byte	0x3
 2390 00c2 4201     		.2byte	0x142
ARM GAS  C:\Users\aashi\AppData\Local\Temp\ccTmCVMl.s 			page 43


 2391 00c4 CE000000 		.4byte	0xce
 2392 00c8 05       		.uleb128 0x5
 2393 00c9 03       		.byte	0x3
 2394 00ca 00000000 		.4byte	cy_meta_custnvl
 2395 00ce 07       		.uleb128 0x7
 2396 00cf AC000000 		.4byte	0xac
 2397 00d3 0A       		.uleb128 0xa
 2398 00d4 63010000 		.4byte	.LASF14
 2399 00d8 03       		.byte	0x3
 2400 00d9 5001     		.2byte	0x150
 2401 00db E5000000 		.4byte	0xe5
 2402 00df 05       		.uleb128 0x5
 2403 00e0 03       		.byte	0x3
 2404 00e1 00000000 		.4byte	cy_meta_wonvl
 2405 00e5 07       		.uleb128 0x7
 2406 00e6 AC000000 		.4byte	0xac
 2407 00ea 05       		.uleb128 0x5
 2408 00eb 91000000 		.4byte	0x91
 2409 00ef FA000000 		.4byte	0xfa
 2410 00f3 09       		.uleb128 0x9
 2411 00f4 8A000000 		.4byte	0x8a
 2412 00f8 FF       		.byte	0xff
 2413 00f9 00       		.byte	0
 2414 00fa 0A       		.uleb128 0xa
 2415 00fb 4E010000 		.4byte	.LASF15
 2416 00ff 03       		.byte	0x3
 2417 0100 5E01     		.2byte	0x15e
 2418 0102 0C010000 		.4byte	0x10c
 2419 0106 05       		.uleb128 0x5
 2420 0107 03       		.byte	0x3
 2421 0108 00000000 		.4byte	cy_meta_flashprotect
 2422 010c 07       		.uleb128 0x7
 2423 010d EA000000 		.4byte	0xea
 2424 0111 05       		.uleb128 0x5
 2425 0112 91000000 		.4byte	0x91
 2426 0116 21010000 		.4byte	0x121
 2427 011a 09       		.uleb128 0x9
 2428 011b 8A000000 		.4byte	0x8a
 2429 011f 0B       		.byte	0xb
 2430 0120 00       		.byte	0
 2431 0121 0A       		.uleb128 0xa
 2432 0122 0A000000 		.4byte	.LASF16
 2433 0126 03       		.byte	0x3
 2434 0127 8B01     		.2byte	0x18b
 2435 0129 33010000 		.4byte	0x133
 2436 012d 05       		.uleb128 0x5
 2437 012e 03       		.byte	0x3
 2438 012f 00000000 		.4byte	cy_metadata
 2439 0133 07       		.uleb128 0x7
 2440 0134 11010000 		.4byte	0x111
 2441 0138 00       		.byte	0
 2442              		.section	.debug_abbrev,"",%progbits
 2443              	.Ldebug_abbrev0:
 2444 0000 01       		.uleb128 0x1
 2445 0001 11       		.uleb128 0x11
 2446 0002 01       		.byte	0x1
 2447 0003 25       		.uleb128 0x25
ARM GAS  C:\Users\aashi\AppData\Local\Temp\ccTmCVMl.s 			page 44


 2448 0004 0E       		.uleb128 0xe
 2449 0005 13       		.uleb128 0x13
 2450 0006 0B       		.uleb128 0xb
 2451 0007 03       		.uleb128 0x3
 2452 0008 0E       		.uleb128 0xe
 2453 0009 1B       		.uleb128 0x1b
 2454 000a 0E       		.uleb128 0xe
 2455 000b 10       		.uleb128 0x10
 2456 000c 17       		.uleb128 0x17
 2457 000d 00       		.byte	0
 2458 000e 00       		.byte	0
 2459 000f 02       		.uleb128 0x2
 2460 0010 24       		.uleb128 0x24
 2461 0011 00       		.byte	0
 2462 0012 0B       		.uleb128 0xb
 2463 0013 0B       		.uleb128 0xb
 2464 0014 3E       		.uleb128 0x3e
 2465 0015 0B       		.uleb128 0xb
 2466 0016 03       		.uleb128 0x3
 2467 0017 0E       		.uleb128 0xe
 2468 0018 00       		.byte	0
 2469 0019 00       		.byte	0
 2470 001a 03       		.uleb128 0x3
 2471 001b 16       		.uleb128 0x16
 2472 001c 00       		.byte	0
 2473 001d 03       		.uleb128 0x3
 2474 001e 0E       		.uleb128 0xe
 2475 001f 3A       		.uleb128 0x3a
 2476 0020 0B       		.uleb128 0xb
 2477 0021 3B       		.uleb128 0x3b
 2478 0022 0B       		.uleb128 0xb
 2479 0023 49       		.uleb128 0x49
 2480 0024 13       		.uleb128 0x13
 2481 0025 00       		.byte	0
 2482 0026 00       		.byte	0
 2483 0027 04       		.uleb128 0x4
 2484 0028 24       		.uleb128 0x24
 2485 0029 00       		.byte	0
 2486 002a 0B       		.uleb128 0xb
 2487 002b 0B       		.uleb128 0xb
 2488 002c 3E       		.uleb128 0x3e
 2489 002d 0B       		.uleb128 0xb
 2490 002e 03       		.uleb128 0x3
 2491 002f 08       		.uleb128 0x8
 2492 0030 00       		.byte	0
 2493 0031 00       		.byte	0
 2494 0032 05       		.uleb128 0x5
 2495 0033 01       		.uleb128 0x1
 2496 0034 01       		.byte	0x1
 2497 0035 49       		.uleb128 0x49
 2498 0036 13       		.uleb128 0x13
 2499 0037 01       		.uleb128 0x1
 2500 0038 13       		.uleb128 0x13
 2501 0039 00       		.byte	0
 2502 003a 00       		.byte	0
 2503 003b 06       		.uleb128 0x6
 2504 003c 21       		.uleb128 0x21
ARM GAS  C:\Users\aashi\AppData\Local\Temp\ccTmCVMl.s 			page 45


 2505 003d 00       		.byte	0
 2506 003e 49       		.uleb128 0x49
 2507 003f 13       		.uleb128 0x13
 2508 0040 2F       		.uleb128 0x2f
 2509 0041 05       		.uleb128 0x5
 2510 0042 00       		.byte	0
 2511 0043 00       		.byte	0
 2512 0044 07       		.uleb128 0x7
 2513 0045 26       		.uleb128 0x26
 2514 0046 00       		.byte	0
 2515 0047 49       		.uleb128 0x49
 2516 0048 13       		.uleb128 0x13
 2517 0049 00       		.byte	0
 2518 004a 00       		.byte	0
 2519 004b 08       		.uleb128 0x8
 2520 004c 34       		.uleb128 0x34
 2521 004d 00       		.byte	0
 2522 004e 03       		.uleb128 0x3
 2523 004f 0E       		.uleb128 0xe
 2524 0050 3A       		.uleb128 0x3a
 2525 0051 0B       		.uleb128 0xb
 2526 0052 3B       		.uleb128 0x3b
 2527 0053 0B       		.uleb128 0xb
 2528 0054 49       		.uleb128 0x49
 2529 0055 13       		.uleb128 0x13
 2530 0056 3F       		.uleb128 0x3f
 2531 0057 19       		.uleb128 0x19
 2532 0058 02       		.uleb128 0x2
 2533 0059 18       		.uleb128 0x18
 2534 005a 00       		.byte	0
 2535 005b 00       		.byte	0
 2536 005c 09       		.uleb128 0x9
 2537 005d 21       		.uleb128 0x21
 2538 005e 00       		.byte	0
 2539 005f 49       		.uleb128 0x49
 2540 0060 13       		.uleb128 0x13
 2541 0061 2F       		.uleb128 0x2f
 2542 0062 0B       		.uleb128 0xb
 2543 0063 00       		.byte	0
 2544 0064 00       		.byte	0
 2545 0065 0A       		.uleb128 0xa
 2546 0066 34       		.uleb128 0x34
 2547 0067 00       		.byte	0
 2548 0068 03       		.uleb128 0x3
 2549 0069 0E       		.uleb128 0xe
 2550 006a 3A       		.uleb128 0x3a
 2551 006b 0B       		.uleb128 0xb
 2552 006c 3B       		.uleb128 0x3b
 2553 006d 05       		.uleb128 0x5
 2554 006e 49       		.uleb128 0x49
 2555 006f 13       		.uleb128 0x13
 2556 0070 3F       		.uleb128 0x3f
 2557 0071 19       		.uleb128 0x19
 2558 0072 02       		.uleb128 0x2
 2559 0073 18       		.uleb128 0x18
 2560 0074 00       		.byte	0
 2561 0075 00       		.byte	0
ARM GAS  C:\Users\aashi\AppData\Local\Temp\ccTmCVMl.s 			page 46


 2562 0076 00       		.byte	0
 2563              		.section	.debug_aranges,"",%progbits
 2564 0000 14000000 		.4byte	0x14
 2565 0004 0200     		.2byte	0x2
 2566 0006 00000000 		.4byte	.Ldebug_info0
 2567 000a 04       		.byte	0x4
 2568 000b 00       		.byte	0
 2569 000c 0000     		.2byte	0
 2570 000e 0000     		.2byte	0
 2571 0010 00000000 		.4byte	0
 2572 0014 00000000 		.4byte	0
 2573              		.section	.debug_line,"",%progbits
 2574              	.Ldebug_line0:
 2575 0000 3D010000 		.section	.debug_str,"MS",%progbits,1
 2575      02003701 
 2575      00000201 
 2575      FB0E0D00 
 2575      01010101 
 2576              	.LASF9:
 2577 0000 5F5F7569 		.ascii	"__uint8_t\000"
 2577      6E74385F 
 2577      7400
 2578              	.LASF16:
 2579 000a 63795F6D 		.ascii	"cy_metadata\000"
 2579      65746164 
 2579      61746100 
 2580              	.LASF1:
 2581 0016 756E7369 		.ascii	"unsigned char\000"
 2581      676E6564 
 2581      20636861 
 2581      7200
 2582              	.LASF17:
 2583 0024 474E5520 		.ascii	"GNU C11 5.4.1 20160609 (release) [ARM/embedded-5-br"
 2583      43313120 
 2583      352E342E 
 2583      31203230 
 2583      31363036 
 2584 0057 616E6368 		.ascii	"anch revision 237715] -mcpu=cortex-m3 -mthumb -g -O"
 2584      20726576 
 2584      6973696F 
 2584      6E203233 
 2584      37373135 
 2585 008a 67202D66 		.ascii	"g -ffunction-sections -ffat-lto-objects\000"
 2585      66756E63 
 2585      74696F6E 
 2585      2D736563 
 2585      74696F6E 
 2586              	.LASF5:
 2587 00b2 6C6F6E67 		.ascii	"long unsigned int\000"
 2587      20756E73 
 2587      69676E65 
 2587      6420696E 
 2587      7400
 2588              	.LASF3:
 2589 00c4 73686F72 		.ascii	"short unsigned int\000"
 2589      7420756E 
 2589      7369676E 
ARM GAS  C:\Users\aashi\AppData\Local\Temp\ccTmCVMl.s 			page 47


 2589      65642069 
 2589      6E7400
 2590              	.LASF13:
 2591 00d7 63795F6D 		.ascii	"cy_meta_custnvl\000"
 2591      6574615F 
 2591      63757374 
 2591      6E766C00 
 2592              	.LASF19:
 2593 00e7 433A5C55 		.ascii	"C:\\Users\\aashi\\OneDrive\\Documents\\PSoC Creator"
 2593      73657273 
 2593      5C616173 
 2593      68695C4F 
 2593      6E654472 
 2594 0115 5C454D49 		.ascii	"\\EMILA.cydsn\000"
 2594      4C412E63 
 2594      7964736E 
 2594      00
 2595              	.LASF8:
 2596 0122 756E7369 		.ascii	"unsigned int\000"
 2596      676E6564 
 2596      20696E74 
 2596      00
 2597              	.LASF7:
 2598 012f 6C6F6E67 		.ascii	"long long unsigned int\000"
 2598      206C6F6E 
 2598      6720756E 
 2598      7369676E 
 2598      65642069 
 2599              	.LASF10:
 2600 0146 75696E74 		.ascii	"uint8_t\000"
 2600      385F7400 
 2601              	.LASF15:
 2602 014e 63795F6D 		.ascii	"cy_meta_flashprotect\000"
 2602      6574615F 
 2602      666C6173 
 2602      6870726F 
 2602      74656374 
 2603              	.LASF14:
 2604 0163 63795F6D 		.ascii	"cy_meta_wonvl\000"
 2604      6574615F 
 2604      776F6E76 
 2604      6C00
 2605              	.LASF11:
 2606 0171 73697A65 		.ascii	"sizetype\000"
 2606      74797065 
 2606      00
 2607              	.LASF12:
 2608 017a 63795F6D 		.ascii	"cy_meta_configecc\000"
 2608      6574615F 
 2608      636F6E66 
 2608      69676563 
 2608      6300
 2609              	.LASF6:
 2610 018c 6C6F6E67 		.ascii	"long long int\000"
 2610      206C6F6E 
 2610      6720696E 
 2610      7400
ARM GAS  C:\Users\aashi\AppData\Local\Temp\ccTmCVMl.s 			page 48


 2611              	.LASF2:
 2612 019a 73686F72 		.ascii	"short int\000"
 2612      7420696E 
 2612      7400
 2613              	.LASF4:
 2614 01a4 6C6F6E67 		.ascii	"long int\000"
 2614      20696E74 
 2614      00
 2615              	.LASF0:
 2616 01ad 7369676E 		.ascii	"signed char\000"
 2616      65642063 
 2616      68617200 
 2617              	.LASF18:
 2618 01b9 47656E65 		.ascii	"Generated_Source\\PSoC5\\cymetadata.c\000"
 2618      72617465 
 2618      645F536F 
 2618      75726365 
 2618      5C50536F 
 2619              		.ident	"GCC: (GNU Tools for ARM Embedded Processors) 5.4.1 20160609 (release) [ARM/embedded-5-bran
