ARM GAS  C:\Users\aashi\AppData\Local\Temp\ccOIqtYK.s 			page 1


   1              		.syntax unified
   2              		.cpu cortex-m3
   3              		.fpu softvfp
   4              		.eabi_attribute 20, 1
   5              		.eabi_attribute 21, 1
   6              		.eabi_attribute 23, 3
   7              		.eabi_attribute 24, 1
   8              		.eabi_attribute 25, 1
   9              		.eabi_attribute 26, 1
  10              		.eabi_attribute 30, 1
  11              		.eabi_attribute 34, 1
  12              		.eabi_attribute 18, 4
  13              		.thumb
  14              		.syntax unified
  15              		.file	"UART.c"
  16              		.text
  17              	.Ltext0:
  18              		.cfi_sections	.debug_frame
  19              		.section	.text.MyRxInt,"ax",%progbits
  20              		.align	2
  21              		.global	MyRxInt
  22              		.thumb
  23              		.thumb_func
  24              		.type	MyRxInt, %function
  25              	MyRxInt:
  26              	.LFB63:
  27              		.file 1 "UART.c"
   1:UART.c        **** /* ==================================================
   2:UART.c        ****  * Followed by project posted by 
   3:UART.c        ****  * Bob Marlowe TxRx20
   4:UART.c        ****  * http://www.cypress.com/?app=forum&id=2233&rID=63901
   5:UART.c        **** 
   6:UART.c        ****  * Provided As-is, without any warranties to perform
   7:UART.c        ****  * under license terms CREATIVE COMMONS - SHARE ALIKE
   8:UART.c        ****  *
   9:UART.c        ****  * ==================================================
  10:UART.c        **** */
  11:UART.c        **** 
  12:UART.c        ****     
  13:UART.c        **** #include <UART.h>
  14:UART.c        **** 
  15:UART.c        **** 
  16:UART.c        **** // defines ==================================================================
  17:UART.c        **** 
  18:UART.c        **** 
  19:UART.c        **** uint8	RxBuffer[RxBufferSize];     // Rx circular buffer to hold all incoming command
  20:UART.c        **** uint8  *RxReadIndex	 = RxBuffer;    // pointer to position in RxBuffer to write incoming Rx bytes
  21:UART.c        **** uint8  *RxWriteIndex = RxBuffer;    // pointer to position in RxBuffer to read and process bytes
  22:UART.c        **** 
  23:UART.c        **** 
  24:UART.c        **** char   *RxStrIndex = RB.RxStr;      // pointer to command string buffer (processed messages)
  25:UART.c        ****                                     // each Rx command consists of: <byte command><string value><CR
  26:UART.c        **** 
  27:UART.c        **** //===========================================================================
  28:UART.c        **** 
  29:UART.c        **** CY_ISR(MyRxInt) //interrupt on Rx byte received
  30:UART.c        **** {   
ARM GAS  C:\Users\aashi\AppData\Local\Temp\ccOIqtYK.s 			page 2


  28              		.loc 1 30 0
  29              		.cfi_startproc
  30              		@ args = 0, pretend = 0, frame = 0
  31              		@ frame_needed = 0, uses_anonymous_args = 0
  32 0000 38B5     		push	{r3, r4, r5, lr}
  33              		.cfi_def_cfa_offset 16
  34              		.cfi_offset 3, -16
  35              		.cfi_offset 4, -12
  36              		.cfi_offset 5, -8
  37              		.cfi_offset 14, -4
  31:UART.c        ****     //move all available characters from Rx queue to RxBuffer
  32:UART.c        ****     while(UART_1_ReadRxStatus() & UART_1_RX_STS_FIFO_NOTEMPTY)
  38              		.loc 1 32 0
  39 0002 0DE0     		b	.L3
  40              	.L4:
  33:UART.c        **** 	{
  34:UART.c        **** 		*RxWriteIndex++ = UART_1_ReadRxData();
  41              		.loc 1 34 0
  42 0004 094C     		ldr	r4, .L6
  43 0006 2568     		ldr	r5, [r4]
  44 0008 6B1C     		adds	r3, r5, #1
  45 000a 2360     		str	r3, [r4]
  46 000c FFF7FEFF 		bl	UART_1_ReadRxData
  47              	.LVL0:
  48 0010 2870     		strb	r0, [r5]
  35:UART.c        **** 		if (RxWriteIndex >= RxBuffer + RxBufferSize) RxWriteIndex = RxBuffer;      
  49              		.loc 1 35 0
  50 0012 2268     		ldr	r2, [r4]
  51 0014 064B     		ldr	r3, .L6+4
  52 0016 9A42     		cmp	r2, r3
  53 0018 02D3     		bcc	.L3
  54              		.loc 1 35 0 is_stmt 0 discriminator 1
  55 001a A3F18002 		sub	r2, r3, #128
  56 001e 2260     		str	r2, [r4]
  57              	.L3:
  32:UART.c        **** 	{
  58              		.loc 1 32 0 is_stmt 1
  59 0020 FFF7FEFF 		bl	UART_1_ReadRxStatus
  60              	.LVL1:
  61 0024 10F0200F 		tst	r0, #32
  62 0028 ECD1     		bne	.L4
  36:UART.c        **** 	}   
  37:UART.c        **** }
  63              		.loc 1 37 0
  64 002a 38BD     		pop	{r3, r4, r5, pc}
  65              	.L7:
  66              		.align	2
  67              	.L6:
  68 002c 00000000 		.word	.LANCHOR0
  69 0030 80000000 		.word	RxBuffer+128
  70              		.cfi_endproc
  71              	.LFE63:
  72              		.size	MyRxInt, .-MyRxInt
  73              		.section	.text.IsCharReady,"ax",%progbits
  74              		.align	2
  75              		.global	IsCharReady
  76              		.thumb
ARM GAS  C:\Users\aashi\AppData\Local\Temp\ccOIqtYK.s 			page 3


  77              		.thumb_func
  78              		.type	IsCharReady, %function
  79              	IsCharReady:
  80              	.LFB64:
  38:UART.c        **** 
  39:UART.c        **** //===========================================================================
  40:UART.c        **** uint8 IsCharReady(void) 
  41:UART.c        **** {
  81              		.loc 1 41 0
  82              		.cfi_startproc
  83              		@ args = 0, pretend = 0, frame = 0
  84              		@ frame_needed = 0, uses_anonymous_args = 0
  85              		@ link register save eliminated.
  42:UART.c        **** 	return !(RxWriteIndex == RxReadIndex);
  86              		.loc 1 42 0
  87 0000 034B     		ldr	r3, .L9
  88 0002 1868     		ldr	r0, [r3]
  89 0004 5B68     		ldr	r3, [r3, #4]
  43:UART.c        **** }
  90              		.loc 1 43 0
  91 0006 C01A     		subs	r0, r0, r3
  92 0008 18BF     		it	ne
  93 000a 0120     		movne	r0, #1
  94 000c 7047     		bx	lr
  95              	.L10:
  96 000e 00BF     		.align	2
  97              	.L9:
  98 0010 00000000 		.word	.LANCHOR0
  99              		.cfi_endproc
 100              	.LFE64:
 101              		.size	IsCharReady, .-IsCharReady
 102              		.section	.text.GetRxStr,"ax",%progbits
 103              		.align	2
 104              		.global	GetRxStr
 105              		.thumb
 106              		.thumb_func
 107              		.type	GetRxStr, %function
 108              	GetRxStr:
 109              	.LFB65:
  44:UART.c        **** 
  45:UART.c        **** //===========================================================================
  46:UART.c        **** 
  47:UART.c        **** uint8 GetRxStr(void)
  48:UART.c        **** {
 110              		.loc 1 48 0
 111              		.cfi_startproc
 112              		@ args = 0, pretend = 0, frame = 0
 113              		@ frame_needed = 0, uses_anonymous_args = 0
 114              		@ link register save eliminated.
 115              	.LVL2:
  49:UART.c        ****     uint8 RxStr_flag = 0;
  50:UART.c        ****     static uint8 Ch;//static?
  51:UART.c        ****    
  52:UART.c        **** 	Ch = *RxReadIndex++;       //read next char in buffer
 116              		.loc 1 52 0
 117 0000 1049     		ldr	r1, .L17
 118 0002 4B68     		ldr	r3, [r1, #4]
ARM GAS  C:\Users\aashi\AppData\Local\Temp\ccOIqtYK.s 			page 4


 119 0004 5A1C     		adds	r2, r3, #1
 120 0006 4A60     		str	r2, [r1, #4]
 121 0008 1B78     		ldrb	r3, [r3]	@ zero_extendqisi2
  53:UART.c        ****     if (RxReadIndex >= RxBuffer + RxBufferSize) RxReadIndex = RxBuffer;
 122              		.loc 1 53 0
 123 000a 0F49     		ldr	r1, .L17+4
 124 000c 8A42     		cmp	r2, r1
 125 000e 02D3     		bcc	.L12
 126              		.loc 1 53 0 is_stmt 0 discriminator 1
 127 0010 8039     		subs	r1, r1, #128
 128 0012 0C4A     		ldr	r2, .L17
 129 0014 5160     		str	r1, [r2, #4]
 130              	.L12:
  54:UART.c        ****             
  55:UART.c        ****     //if (Ch == EOM_char)
  56:UART.c        ****     if ( (Ch == EOM_CR) || (Ch == EOM_LF) ) //any standard terminator
 131              		.loc 1 56 0 is_stmt 1
 132 0016 0D2B     		cmp	r3, #13
 133 0018 01D0     		beq	.L13
 134              		.loc 1 56 0 is_stmt 0 discriminator 1
 135 001a 0A2B     		cmp	r3, #10
 136 001c 09D1     		bne	.L14
 137              	.L13:
  57:UART.c        ****     {
  58:UART.c        ****         *RxStrIndex = 0;        //terminate string excluding EOM_char
 138              		.loc 1 58 0 is_stmt 1
 139 001e 094A     		ldr	r2, .L17
 140 0020 9368     		ldr	r3, [r2, #8]
 141 0022 0021     		movs	r1, #0
 142 0024 1970     		strb	r1, [r3]
  59:UART.c        ****         RxStrIndex = RB.RxStr;  //reset pointer
 143              		.loc 1 59 0
 144 0026 094B     		ldr	r3, .L17+8
 145 0028 9360     		str	r3, [r2, #8]
  60:UART.c        ****         if (strlen(RB.RxStr) > 0)//non-empty message received
 146              		.loc 1 60 0
 147 002a 1B78     		ldrb	r3, [r3]	@ zero_extendqisi2
 148 002c 43B9     		cbnz	r3, .L16
  49:UART.c        ****     static uint8 Ch;//static?
 149              		.loc 1 49 0
 150 002e 0846     		mov	r0, r1
 151 0030 7047     		bx	lr
 152              	.L14:
  61:UART.c        ****         {
  62:UART.c        ****             RxStr_flag  = 1;    //set flag to process message
  63:UART.c        ****         }   
  64:UART.c        ****     }
  65:UART.c        ****     else                        //string body char received
  66:UART.c        ****     {
  67:UART.c        ****         *RxStrIndex++ = Ch;     //build command message   
 153              		.loc 1 67 0
 154 0032 0449     		ldr	r1, .L17
 155 0034 8A68     		ldr	r2, [r1, #8]
 156 0036 501C     		adds	r0, r2, #1
 157 0038 8860     		str	r0, [r1, #8]
 158 003a 1370     		strb	r3, [r2]
  49:UART.c        ****     static uint8 Ch;//static?
ARM GAS  C:\Users\aashi\AppData\Local\Temp\ccOIqtYK.s 			page 5


 159              		.loc 1 49 0
 160 003c 0020     		movs	r0, #0
 161 003e 7047     		bx	lr
 162              	.L16:
  62:UART.c        ****         }   
 163              		.loc 1 62 0
 164 0040 0120     		movs	r0, #1
 165              	.LVL3:
  68:UART.c        ****         //todo: problem if first char is empty space
  69:UART.c        ****     }   
  70:UART.c        **** 
  71:UART.c        ****     return RxStr_flag;        
  72:UART.c        **** }
 166              		.loc 1 72 0
 167 0042 7047     		bx	lr
 168              	.L18:
 169              		.align	2
 170              	.L17:
 171 0044 00000000 		.word	.LANCHOR0
 172 0048 80000000 		.word	RxBuffer+128
 173 004c 00000000 		.word	RB
 174              		.cfi_endproc
 175              	.LFE65:
 176              		.size	GetRxStr, .-GetRxStr
 177              		.global	RxStrIndex
 178              		.global	RxWriteIndex
 179              		.global	RxReadIndex
 180              		.comm	RxBuffer,128,4
 181              		.comm	RB,20,4
 182              		.data
 183              		.align	2
 184              		.set	.LANCHOR0,. + 0
 185              		.type	RxWriteIndex, %object
 186              		.size	RxWriteIndex, 4
 187              	RxWriteIndex:
 188 0000 00000000 		.word	RxBuffer
 189              		.type	RxReadIndex, %object
 190              		.size	RxReadIndex, 4
 191              	RxReadIndex:
 192 0004 00000000 		.word	RxBuffer
 193              		.type	RxStrIndex, %object
 194              		.size	RxStrIndex, 4
 195              	RxStrIndex:
 196 0008 00000000 		.word	RB
 197              		.text
 198              	.Letext0:
 199              		.file 2 "c:\\program files (x86)\\cypress\\psoc creator\\4.2\\psoc creator\\import\\gnu\\arm\\5.4.
 200              		.file 3 "c:\\program files (x86)\\cypress\\psoc creator\\4.2\\psoc creator\\import\\gnu\\arm\\5.4.
 201              		.file 4 "Generated_Source\\PSoC5/cytypes.h"
 202              		.file 5 "Generated_Source\\PSoC5/core_cm3.h"
 203              		.file 6 "Generated_Source\\PSoC5/UART_1.h"
 204              		.file 7 "./UART.h"
 205              		.section	.debug_info,"",%progbits
 206              	.Ldebug_info0:
 207 0000 12020000 		.4byte	0x212
 208 0004 0400     		.2byte	0x4
 209 0006 00000000 		.4byte	.Ldebug_abbrev0
ARM GAS  C:\Users\aashi\AppData\Local\Temp\ccOIqtYK.s 			page 6


 210 000a 04       		.byte	0x4
 211 000b 01       		.uleb128 0x1
 212 000c 23010000 		.4byte	.LASF25
 213 0010 0C       		.byte	0xc
 214 0011 F8000000 		.4byte	.LASF26
 215 0015 BD000000 		.4byte	.LASF27
 216 0019 00000000 		.4byte	.Ldebug_ranges0+0
 217 001d 00000000 		.4byte	0
 218 0021 00000000 		.4byte	.Ldebug_line0
 219 0025 02       		.uleb128 0x2
 220 0026 01       		.byte	0x1
 221 0027 06       		.byte	0x6
 222 0028 FA010000 		.4byte	.LASF0
 223 002c 02       		.uleb128 0x2
 224 002d 01       		.byte	0x1
 225 002e 08       		.byte	0x8
 226 002f 4D000000 		.4byte	.LASF1
 227 0033 02       		.uleb128 0x2
 228 0034 02       		.byte	0x2
 229 0035 05       		.byte	0x5
 230 0036 D5010000 		.4byte	.LASF2
 231 003a 02       		.uleb128 0x2
 232 003b 02       		.byte	0x2
 233 003c 07       		.byte	0x7
 234 003d 8A000000 		.4byte	.LASF3
 235 0041 03       		.uleb128 0x3
 236 0042 0D000000 		.4byte	.LASF9
 237 0046 02       		.byte	0x2
 238 0047 3F       		.byte	0x3f
 239 0048 4C000000 		.4byte	0x4c
 240 004c 02       		.uleb128 0x2
 241 004d 04       		.byte	0x4
 242 004e 05       		.byte	0x5
 243 004f E5010000 		.4byte	.LASF4
 244 0053 02       		.uleb128 0x2
 245 0054 04       		.byte	0x4
 246 0055 07       		.byte	0x7
 247 0056 66000000 		.4byte	.LASF5
 248 005a 02       		.uleb128 0x2
 249 005b 08       		.byte	0x8
 250 005c 05       		.byte	0x5
 251 005d C2010000 		.4byte	.LASF6
 252 0061 02       		.uleb128 0x2
 253 0062 08       		.byte	0x8
 254 0063 07       		.byte	0x7
 255 0064 0C010000 		.4byte	.LASF7
 256 0068 04       		.uleb128 0x4
 257 0069 04       		.byte	0x4
 258 006a 05       		.byte	0x5
 259 006b 696E7400 		.ascii	"int\000"
 260 006f 02       		.uleb128 0x2
 261 0070 04       		.byte	0x4
 262 0071 07       		.byte	0x7
 263 0072 FF000000 		.4byte	.LASF8
 264 0076 03       		.uleb128 0x3
 265 0077 B1010000 		.4byte	.LASF10
 266 007b 03       		.byte	0x3
ARM GAS  C:\Users\aashi\AppData\Local\Temp\ccOIqtYK.s 			page 7


 267 007c 2C       		.byte	0x2c
 268 007d 41000000 		.4byte	0x41
 269 0081 05       		.uleb128 0x5
 270 0082 DF010000 		.4byte	.LASF11
 271 0086 04       		.byte	0x4
 272 0087 E401     		.2byte	0x1e4
 273 0089 2C000000 		.4byte	0x2c
 274 008d 02       		.uleb128 0x2
 275 008e 04       		.byte	0x4
 276 008f 04       		.byte	0x4
 277 0090 3E000000 		.4byte	.LASF12
 278 0094 02       		.uleb128 0x2
 279 0095 08       		.byte	0x8
 280 0096 04       		.byte	0x4
 281 0097 AA000000 		.4byte	.LASF13
 282 009b 02       		.uleb128 0x2
 283 009c 01       		.byte	0x1
 284 009d 08       		.byte	0x8
 285 009e D0010000 		.4byte	.LASF14
 286 00a2 02       		.uleb128 0x2
 287 00a3 08       		.byte	0x8
 288 00a4 04       		.byte	0x4
 289 00a5 EE010000 		.4byte	.LASF15
 290 00a9 02       		.uleb128 0x2
 291 00aa 04       		.byte	0x4
 292 00ab 07       		.byte	0x7
 293 00ac B9010000 		.4byte	.LASF16
 294 00b0 06       		.uleb128 0x6
 295 00b1 04       		.byte	0x4
 296 00b2 9B000000 		.4byte	0x9b
 297 00b6 07       		.uleb128 0x7
 298 00b7 14       		.byte	0x14
 299 00b8 07       		.byte	0x7
 300 00b9 23       		.byte	0x23
 301 00ba D7000000 		.4byte	0xd7
 302 00be 08       		.uleb128 0x8
 303 00bf 636D6400 		.ascii	"cmd\000"
 304 00c3 07       		.byte	0x7
 305 00c4 24       		.byte	0x24
 306 00c5 9B000000 		.4byte	0x9b
 307 00c9 00       		.byte	0
 308 00ca 09       		.uleb128 0x9
 309 00cb 2B020000 		.4byte	.LASF17
 310 00cf 07       		.byte	0x7
 311 00d0 25       		.byte	0x25
 312 00d1 D7000000 		.4byte	0xd7
 313 00d5 01       		.byte	0x1
 314 00d6 00       		.byte	0
 315 00d7 0A       		.uleb128 0xa
 316 00d8 9B000000 		.4byte	0x9b
 317 00dc E7000000 		.4byte	0xe7
 318 00e0 0B       		.uleb128 0xb
 319 00e1 A9000000 		.4byte	0xa9
 320 00e5 12       		.byte	0x12
 321 00e6 00       		.byte	0
 322 00e7 0C       		.uleb128 0xc
 323 00e8 34000000 		.4byte	.LASF28
ARM GAS  C:\Users\aashi\AppData\Local\Temp\ccOIqtYK.s 			page 8


 324 00ec 14       		.byte	0x14
 325 00ed 07       		.byte	0x7
 326 00ee 21       		.byte	0x21
 327 00ef 04010000 		.4byte	0x104
 328 00f3 0D       		.uleb128 0xd
 329 00f4 2E000000 		.4byte	.LASF29
 330 00f8 07       		.byte	0x7
 331 00f9 22       		.byte	0x22
 332 00fa 04010000 		.4byte	0x104
 333 00fe 0E       		.uleb128 0xe
 334 00ff B6000000 		.4byte	0xb6
 335 0103 00       		.byte	0
 336 0104 0A       		.uleb128 0xa
 337 0105 9B000000 		.4byte	0x9b
 338 0109 14010000 		.4byte	0x114
 339 010d 0B       		.uleb128 0xb
 340 010e A9000000 		.4byte	0xa9
 341 0112 13       		.byte	0x13
 342 0113 00       		.byte	0
 343 0114 0F       		.uleb128 0xf
 344 0115 06020000 		.4byte	.LASF30
 345 0119 01       		.byte	0x1
 346 011a 1D       		.byte	0x1d
 347 011b 00000000 		.4byte	.LFB63
 348 011f 34000000 		.4byte	.LFE63-.LFB63
 349 0123 01       		.uleb128 0x1
 350 0124 9C       		.byte	0x9c
 351 0125 3C010000 		.4byte	0x13c
 352 0129 10       		.uleb128 0x10
 353 012a 10000000 		.4byte	.LVL0
 354 012e FF010000 		.4byte	0x1ff
 355 0132 10       		.uleb128 0x10
 356 0133 24000000 		.4byte	.LVL1
 357 0137 0A020000 		.4byte	0x20a
 358 013b 00       		.byte	0
 359 013c 11       		.uleb128 0x11
 360 013d B1000000 		.4byte	.LASF31
 361 0141 01       		.byte	0x1
 362 0142 28       		.byte	0x28
 363 0143 81000000 		.4byte	0x81
 364 0147 00000000 		.4byte	.LFB64
 365 014b 14000000 		.4byte	.LFE64-.LFB64
 366 014f 01       		.uleb128 0x1
 367 0150 9C       		.byte	0x9c
 368 0151 12       		.uleb128 0x12
 369 0152 22020000 		.4byte	.LASF32
 370 0156 01       		.byte	0x1
 371 0157 2F       		.byte	0x2f
 372 0158 81000000 		.4byte	0x81
 373 015c 00000000 		.4byte	.LFB65
 374 0160 50000000 		.4byte	.LFE65-.LFB65
 375 0164 01       		.uleb128 0x1
 376 0165 9C       		.byte	0x9c
 377 0166 84010000 		.4byte	0x184
 378 016a 13       		.uleb128 0x13
 379 016b 5B000000 		.4byte	.LASF33
 380 016f 01       		.byte	0x1
ARM GAS  C:\Users\aashi\AppData\Local\Temp\ccOIqtYK.s 			page 9


 381 0170 31       		.byte	0x31
 382 0171 81000000 		.4byte	0x81
 383 0175 00000000 		.4byte	.LLST0
 384 0179 14       		.uleb128 0x14
 385 017a 436800   		.ascii	"Ch\000"
 386 017d 01       		.byte	0x1
 387 017e 32       		.byte	0x32
 388 017f 81000000 		.4byte	0x81
 389 0183 00       		.byte	0
 390 0184 15       		.uleb128 0x15
 391 0185 9D000000 		.4byte	.LASF18
 392 0189 05       		.byte	0x5
 393 018a 1207     		.2byte	0x712
 394 018c 90010000 		.4byte	0x190
 395 0190 16       		.uleb128 0x16
 396 0191 76000000 		.4byte	0x76
 397 0195 17       		.uleb128 0x17
 398 0196 524200   		.ascii	"RB\000"
 399 0199 07       		.byte	0x7
 400 019a 27       		.byte	0x27
 401 019b E7000000 		.4byte	0xe7
 402 019f 05       		.uleb128 0x5
 403 01a0 03       		.byte	0x3
 404 01a1 00000000 		.4byte	RB
 405 01a5 0A       		.uleb128 0xa
 406 01a6 81000000 		.4byte	0x81
 407 01aa B5010000 		.4byte	0x1b5
 408 01ae 0B       		.uleb128 0xb
 409 01af A9000000 		.4byte	0xa9
 410 01b3 7F       		.byte	0x7f
 411 01b4 00       		.byte	0
 412 01b5 18       		.uleb128 0x18
 413 01b6 44000000 		.4byte	.LASF19
 414 01ba 01       		.byte	0x1
 415 01bb 13       		.byte	0x13
 416 01bc A5010000 		.4byte	0x1a5
 417 01c0 05       		.uleb128 0x5
 418 01c1 03       		.byte	0x3
 419 01c2 00000000 		.4byte	RxBuffer
 420 01c6 18       		.uleb128 0x18
 421 01c7 22000000 		.4byte	.LASF20
 422 01cb 01       		.byte	0x1
 423 01cc 14       		.byte	0x14
 424 01cd D7010000 		.4byte	0x1d7
 425 01d1 05       		.uleb128 0x5
 426 01d2 03       		.byte	0x3
 427 01d3 00000000 		.4byte	RxReadIndex
 428 01d7 06       		.uleb128 0x6
 429 01d8 04       		.byte	0x4
 430 01d9 81000000 		.4byte	0x81
 431 01dd 18       		.uleb128 0x18
 432 01de 00000000 		.4byte	.LASF21
 433 01e2 01       		.byte	0x1
 434 01e3 15       		.byte	0x15
 435 01e4 D7010000 		.4byte	0x1d7
 436 01e8 05       		.uleb128 0x5
 437 01e9 03       		.byte	0x3
ARM GAS  C:\Users\aashi\AppData\Local\Temp\ccOIqtYK.s 			page 10


 438 01ea 00000000 		.4byte	RxWriteIndex
 439 01ee 18       		.uleb128 0x18
 440 01ef 17000000 		.4byte	.LASF22
 441 01f3 01       		.byte	0x1
 442 01f4 18       		.byte	0x18
 443 01f5 B0000000 		.4byte	0xb0
 444 01f9 05       		.uleb128 0x5
 445 01fa 03       		.byte	0x3
 446 01fb 00000000 		.4byte	RxStrIndex
 447 01ff 19       		.uleb128 0x19
 448 0200 78000000 		.4byte	.LASF23
 449 0204 78000000 		.4byte	.LASF23
 450 0208 06       		.byte	0x6
 451 0209 6F       		.byte	0x6f
 452 020a 19       		.uleb128 0x19
 453 020b 0E020000 		.4byte	.LASF24
 454 020f 0E020000 		.4byte	.LASF24
 455 0213 06       		.byte	0x6
 456 0214 70       		.byte	0x70
 457 0215 00       		.byte	0
 458              		.section	.debug_abbrev,"",%progbits
 459              	.Ldebug_abbrev0:
 460 0000 01       		.uleb128 0x1
 461 0001 11       		.uleb128 0x11
 462 0002 01       		.byte	0x1
 463 0003 25       		.uleb128 0x25
 464 0004 0E       		.uleb128 0xe
 465 0005 13       		.uleb128 0x13
 466 0006 0B       		.uleb128 0xb
 467 0007 03       		.uleb128 0x3
 468 0008 0E       		.uleb128 0xe
 469 0009 1B       		.uleb128 0x1b
 470 000a 0E       		.uleb128 0xe
 471 000b 55       		.uleb128 0x55
 472 000c 17       		.uleb128 0x17
 473 000d 11       		.uleb128 0x11
 474 000e 01       		.uleb128 0x1
 475 000f 10       		.uleb128 0x10
 476 0010 17       		.uleb128 0x17
 477 0011 00       		.byte	0
 478 0012 00       		.byte	0
 479 0013 02       		.uleb128 0x2
 480 0014 24       		.uleb128 0x24
 481 0015 00       		.byte	0
 482 0016 0B       		.uleb128 0xb
 483 0017 0B       		.uleb128 0xb
 484 0018 3E       		.uleb128 0x3e
 485 0019 0B       		.uleb128 0xb
 486 001a 03       		.uleb128 0x3
 487 001b 0E       		.uleb128 0xe
 488 001c 00       		.byte	0
 489 001d 00       		.byte	0
 490 001e 03       		.uleb128 0x3
 491 001f 16       		.uleb128 0x16
 492 0020 00       		.byte	0
 493 0021 03       		.uleb128 0x3
 494 0022 0E       		.uleb128 0xe
ARM GAS  C:\Users\aashi\AppData\Local\Temp\ccOIqtYK.s 			page 11


 495 0023 3A       		.uleb128 0x3a
 496 0024 0B       		.uleb128 0xb
 497 0025 3B       		.uleb128 0x3b
 498 0026 0B       		.uleb128 0xb
 499 0027 49       		.uleb128 0x49
 500 0028 13       		.uleb128 0x13
 501 0029 00       		.byte	0
 502 002a 00       		.byte	0
 503 002b 04       		.uleb128 0x4
 504 002c 24       		.uleb128 0x24
 505 002d 00       		.byte	0
 506 002e 0B       		.uleb128 0xb
 507 002f 0B       		.uleb128 0xb
 508 0030 3E       		.uleb128 0x3e
 509 0031 0B       		.uleb128 0xb
 510 0032 03       		.uleb128 0x3
 511 0033 08       		.uleb128 0x8
 512 0034 00       		.byte	0
 513 0035 00       		.byte	0
 514 0036 05       		.uleb128 0x5
 515 0037 16       		.uleb128 0x16
 516 0038 00       		.byte	0
 517 0039 03       		.uleb128 0x3
 518 003a 0E       		.uleb128 0xe
 519 003b 3A       		.uleb128 0x3a
 520 003c 0B       		.uleb128 0xb
 521 003d 3B       		.uleb128 0x3b
 522 003e 05       		.uleb128 0x5
 523 003f 49       		.uleb128 0x49
 524 0040 13       		.uleb128 0x13
 525 0041 00       		.byte	0
 526 0042 00       		.byte	0
 527 0043 06       		.uleb128 0x6
 528 0044 0F       		.uleb128 0xf
 529 0045 00       		.byte	0
 530 0046 0B       		.uleb128 0xb
 531 0047 0B       		.uleb128 0xb
 532 0048 49       		.uleb128 0x49
 533 0049 13       		.uleb128 0x13
 534 004a 00       		.byte	0
 535 004b 00       		.byte	0
 536 004c 07       		.uleb128 0x7
 537 004d 13       		.uleb128 0x13
 538 004e 01       		.byte	0x1
 539 004f 0B       		.uleb128 0xb
 540 0050 0B       		.uleb128 0xb
 541 0051 3A       		.uleb128 0x3a
 542 0052 0B       		.uleb128 0xb
 543 0053 3B       		.uleb128 0x3b
 544 0054 0B       		.uleb128 0xb
 545 0055 01       		.uleb128 0x1
 546 0056 13       		.uleb128 0x13
 547 0057 00       		.byte	0
 548 0058 00       		.byte	0
 549 0059 08       		.uleb128 0x8
 550 005a 0D       		.uleb128 0xd
 551 005b 00       		.byte	0
ARM GAS  C:\Users\aashi\AppData\Local\Temp\ccOIqtYK.s 			page 12


 552 005c 03       		.uleb128 0x3
 553 005d 08       		.uleb128 0x8
 554 005e 3A       		.uleb128 0x3a
 555 005f 0B       		.uleb128 0xb
 556 0060 3B       		.uleb128 0x3b
 557 0061 0B       		.uleb128 0xb
 558 0062 49       		.uleb128 0x49
 559 0063 13       		.uleb128 0x13
 560 0064 38       		.uleb128 0x38
 561 0065 0B       		.uleb128 0xb
 562 0066 00       		.byte	0
 563 0067 00       		.byte	0
 564 0068 09       		.uleb128 0x9
 565 0069 0D       		.uleb128 0xd
 566 006a 00       		.byte	0
 567 006b 03       		.uleb128 0x3
 568 006c 0E       		.uleb128 0xe
 569 006d 3A       		.uleb128 0x3a
 570 006e 0B       		.uleb128 0xb
 571 006f 3B       		.uleb128 0x3b
 572 0070 0B       		.uleb128 0xb
 573 0071 49       		.uleb128 0x49
 574 0072 13       		.uleb128 0x13
 575 0073 38       		.uleb128 0x38
 576 0074 0B       		.uleb128 0xb
 577 0075 00       		.byte	0
 578 0076 00       		.byte	0
 579 0077 0A       		.uleb128 0xa
 580 0078 01       		.uleb128 0x1
 581 0079 01       		.byte	0x1
 582 007a 49       		.uleb128 0x49
 583 007b 13       		.uleb128 0x13
 584 007c 01       		.uleb128 0x1
 585 007d 13       		.uleb128 0x13
 586 007e 00       		.byte	0
 587 007f 00       		.byte	0
 588 0080 0B       		.uleb128 0xb
 589 0081 21       		.uleb128 0x21
 590 0082 00       		.byte	0
 591 0083 49       		.uleb128 0x49
 592 0084 13       		.uleb128 0x13
 593 0085 2F       		.uleb128 0x2f
 594 0086 0B       		.uleb128 0xb
 595 0087 00       		.byte	0
 596 0088 00       		.byte	0
 597 0089 0C       		.uleb128 0xc
 598 008a 17       		.uleb128 0x17
 599 008b 01       		.byte	0x1
 600 008c 03       		.uleb128 0x3
 601 008d 0E       		.uleb128 0xe
 602 008e 0B       		.uleb128 0xb
 603 008f 0B       		.uleb128 0xb
 604 0090 3A       		.uleb128 0x3a
 605 0091 0B       		.uleb128 0xb
 606 0092 3B       		.uleb128 0x3b
 607 0093 0B       		.uleb128 0xb
 608 0094 01       		.uleb128 0x1
ARM GAS  C:\Users\aashi\AppData\Local\Temp\ccOIqtYK.s 			page 13


 609 0095 13       		.uleb128 0x13
 610 0096 00       		.byte	0
 611 0097 00       		.byte	0
 612 0098 0D       		.uleb128 0xd
 613 0099 0D       		.uleb128 0xd
 614 009a 00       		.byte	0
 615 009b 03       		.uleb128 0x3
 616 009c 0E       		.uleb128 0xe
 617 009d 3A       		.uleb128 0x3a
 618 009e 0B       		.uleb128 0xb
 619 009f 3B       		.uleb128 0x3b
 620 00a0 0B       		.uleb128 0xb
 621 00a1 49       		.uleb128 0x49
 622 00a2 13       		.uleb128 0x13
 623 00a3 00       		.byte	0
 624 00a4 00       		.byte	0
 625 00a5 0E       		.uleb128 0xe
 626 00a6 0D       		.uleb128 0xd
 627 00a7 00       		.byte	0
 628 00a8 49       		.uleb128 0x49
 629 00a9 13       		.uleb128 0x13
 630 00aa 00       		.byte	0
 631 00ab 00       		.byte	0
 632 00ac 0F       		.uleb128 0xf
 633 00ad 2E       		.uleb128 0x2e
 634 00ae 01       		.byte	0x1
 635 00af 3F       		.uleb128 0x3f
 636 00b0 19       		.uleb128 0x19
 637 00b1 03       		.uleb128 0x3
 638 00b2 0E       		.uleb128 0xe
 639 00b3 3A       		.uleb128 0x3a
 640 00b4 0B       		.uleb128 0xb
 641 00b5 3B       		.uleb128 0x3b
 642 00b6 0B       		.uleb128 0xb
 643 00b7 27       		.uleb128 0x27
 644 00b8 19       		.uleb128 0x19
 645 00b9 11       		.uleb128 0x11
 646 00ba 01       		.uleb128 0x1
 647 00bb 12       		.uleb128 0x12
 648 00bc 06       		.uleb128 0x6
 649 00bd 40       		.uleb128 0x40
 650 00be 18       		.uleb128 0x18
 651 00bf 9742     		.uleb128 0x2117
 652 00c1 19       		.uleb128 0x19
 653 00c2 01       		.uleb128 0x1
 654 00c3 13       		.uleb128 0x13
 655 00c4 00       		.byte	0
 656 00c5 00       		.byte	0
 657 00c6 10       		.uleb128 0x10
 658 00c7 898201   		.uleb128 0x4109
 659 00ca 00       		.byte	0
 660 00cb 11       		.uleb128 0x11
 661 00cc 01       		.uleb128 0x1
 662 00cd 31       		.uleb128 0x31
 663 00ce 13       		.uleb128 0x13
 664 00cf 00       		.byte	0
 665 00d0 00       		.byte	0
ARM GAS  C:\Users\aashi\AppData\Local\Temp\ccOIqtYK.s 			page 14


 666 00d1 11       		.uleb128 0x11
 667 00d2 2E       		.uleb128 0x2e
 668 00d3 00       		.byte	0
 669 00d4 3F       		.uleb128 0x3f
 670 00d5 19       		.uleb128 0x19
 671 00d6 03       		.uleb128 0x3
 672 00d7 0E       		.uleb128 0xe
 673 00d8 3A       		.uleb128 0x3a
 674 00d9 0B       		.uleb128 0xb
 675 00da 3B       		.uleb128 0x3b
 676 00db 0B       		.uleb128 0xb
 677 00dc 27       		.uleb128 0x27
 678 00dd 19       		.uleb128 0x19
 679 00de 49       		.uleb128 0x49
 680 00df 13       		.uleb128 0x13
 681 00e0 11       		.uleb128 0x11
 682 00e1 01       		.uleb128 0x1
 683 00e2 12       		.uleb128 0x12
 684 00e3 06       		.uleb128 0x6
 685 00e4 40       		.uleb128 0x40
 686 00e5 18       		.uleb128 0x18
 687 00e6 9742     		.uleb128 0x2117
 688 00e8 19       		.uleb128 0x19
 689 00e9 00       		.byte	0
 690 00ea 00       		.byte	0
 691 00eb 12       		.uleb128 0x12
 692 00ec 2E       		.uleb128 0x2e
 693 00ed 01       		.byte	0x1
 694 00ee 3F       		.uleb128 0x3f
 695 00ef 19       		.uleb128 0x19
 696 00f0 03       		.uleb128 0x3
 697 00f1 0E       		.uleb128 0xe
 698 00f2 3A       		.uleb128 0x3a
 699 00f3 0B       		.uleb128 0xb
 700 00f4 3B       		.uleb128 0x3b
 701 00f5 0B       		.uleb128 0xb
 702 00f6 27       		.uleb128 0x27
 703 00f7 19       		.uleb128 0x19
 704 00f8 49       		.uleb128 0x49
 705 00f9 13       		.uleb128 0x13
 706 00fa 11       		.uleb128 0x11
 707 00fb 01       		.uleb128 0x1
 708 00fc 12       		.uleb128 0x12
 709 00fd 06       		.uleb128 0x6
 710 00fe 40       		.uleb128 0x40
 711 00ff 18       		.uleb128 0x18
 712 0100 9742     		.uleb128 0x2117
 713 0102 19       		.uleb128 0x19
 714 0103 01       		.uleb128 0x1
 715 0104 13       		.uleb128 0x13
 716 0105 00       		.byte	0
 717 0106 00       		.byte	0
 718 0107 13       		.uleb128 0x13
 719 0108 34       		.uleb128 0x34
 720 0109 00       		.byte	0
 721 010a 03       		.uleb128 0x3
 722 010b 0E       		.uleb128 0xe
ARM GAS  C:\Users\aashi\AppData\Local\Temp\ccOIqtYK.s 			page 15


 723 010c 3A       		.uleb128 0x3a
 724 010d 0B       		.uleb128 0xb
 725 010e 3B       		.uleb128 0x3b
 726 010f 0B       		.uleb128 0xb
 727 0110 49       		.uleb128 0x49
 728 0111 13       		.uleb128 0x13
 729 0112 02       		.uleb128 0x2
 730 0113 17       		.uleb128 0x17
 731 0114 00       		.byte	0
 732 0115 00       		.byte	0
 733 0116 14       		.uleb128 0x14
 734 0117 34       		.uleb128 0x34
 735 0118 00       		.byte	0
 736 0119 03       		.uleb128 0x3
 737 011a 08       		.uleb128 0x8
 738 011b 3A       		.uleb128 0x3a
 739 011c 0B       		.uleb128 0xb
 740 011d 3B       		.uleb128 0x3b
 741 011e 0B       		.uleb128 0xb
 742 011f 49       		.uleb128 0x49
 743 0120 13       		.uleb128 0x13
 744 0121 00       		.byte	0
 745 0122 00       		.byte	0
 746 0123 15       		.uleb128 0x15
 747 0124 34       		.uleb128 0x34
 748 0125 00       		.byte	0
 749 0126 03       		.uleb128 0x3
 750 0127 0E       		.uleb128 0xe
 751 0128 3A       		.uleb128 0x3a
 752 0129 0B       		.uleb128 0xb
 753 012a 3B       		.uleb128 0x3b
 754 012b 05       		.uleb128 0x5
 755 012c 49       		.uleb128 0x49
 756 012d 13       		.uleb128 0x13
 757 012e 3F       		.uleb128 0x3f
 758 012f 19       		.uleb128 0x19
 759 0130 3C       		.uleb128 0x3c
 760 0131 19       		.uleb128 0x19
 761 0132 00       		.byte	0
 762 0133 00       		.byte	0
 763 0134 16       		.uleb128 0x16
 764 0135 35       		.uleb128 0x35
 765 0136 00       		.byte	0
 766 0137 49       		.uleb128 0x49
 767 0138 13       		.uleb128 0x13
 768 0139 00       		.byte	0
 769 013a 00       		.byte	0
 770 013b 17       		.uleb128 0x17
 771 013c 34       		.uleb128 0x34
 772 013d 00       		.byte	0
 773 013e 03       		.uleb128 0x3
 774 013f 08       		.uleb128 0x8
 775 0140 3A       		.uleb128 0x3a
 776 0141 0B       		.uleb128 0xb
 777 0142 3B       		.uleb128 0x3b
 778 0143 0B       		.uleb128 0xb
 779 0144 49       		.uleb128 0x49
ARM GAS  C:\Users\aashi\AppData\Local\Temp\ccOIqtYK.s 			page 16


 780 0145 13       		.uleb128 0x13
 781 0146 3F       		.uleb128 0x3f
 782 0147 19       		.uleb128 0x19
 783 0148 02       		.uleb128 0x2
 784 0149 18       		.uleb128 0x18
 785 014a 00       		.byte	0
 786 014b 00       		.byte	0
 787 014c 18       		.uleb128 0x18
 788 014d 34       		.uleb128 0x34
 789 014e 00       		.byte	0
 790 014f 03       		.uleb128 0x3
 791 0150 0E       		.uleb128 0xe
 792 0151 3A       		.uleb128 0x3a
 793 0152 0B       		.uleb128 0xb
 794 0153 3B       		.uleb128 0x3b
 795 0154 0B       		.uleb128 0xb
 796 0155 49       		.uleb128 0x49
 797 0156 13       		.uleb128 0x13
 798 0157 3F       		.uleb128 0x3f
 799 0158 19       		.uleb128 0x19
 800 0159 02       		.uleb128 0x2
 801 015a 18       		.uleb128 0x18
 802 015b 00       		.byte	0
 803 015c 00       		.byte	0
 804 015d 19       		.uleb128 0x19
 805 015e 2E       		.uleb128 0x2e
 806 015f 00       		.byte	0
 807 0160 3F       		.uleb128 0x3f
 808 0161 19       		.uleb128 0x19
 809 0162 3C       		.uleb128 0x3c
 810 0163 19       		.uleb128 0x19
 811 0164 6E       		.uleb128 0x6e
 812 0165 0E       		.uleb128 0xe
 813 0166 03       		.uleb128 0x3
 814 0167 0E       		.uleb128 0xe
 815 0168 3A       		.uleb128 0x3a
 816 0169 0B       		.uleb128 0xb
 817 016a 3B       		.uleb128 0x3b
 818 016b 0B       		.uleb128 0xb
 819 016c 00       		.byte	0
 820 016d 00       		.byte	0
 821 016e 00       		.byte	0
 822              		.section	.debug_loc,"",%progbits
 823              	.Ldebug_loc0:
 824              	.LLST0:
 825 0000 00000000 		.4byte	.LVL2
 826 0004 42000000 		.4byte	.LVL3
 827 0008 0200     		.2byte	0x2
 828 000a 30       		.byte	0x30
 829 000b 9F       		.byte	0x9f
 830 000c 42000000 		.4byte	.LVL3
 831 0010 50000000 		.4byte	.LFE65
 832 0014 0100     		.2byte	0x1
 833 0016 50       		.byte	0x50
 834 0017 00000000 		.4byte	0
 835 001b 00000000 		.4byte	0
 836              		.section	.debug_aranges,"",%progbits
ARM GAS  C:\Users\aashi\AppData\Local\Temp\ccOIqtYK.s 			page 17


 837 0000 2C000000 		.4byte	0x2c
 838 0004 0200     		.2byte	0x2
 839 0006 00000000 		.4byte	.Ldebug_info0
 840 000a 04       		.byte	0x4
 841 000b 00       		.byte	0
 842 000c 0000     		.2byte	0
 843 000e 0000     		.2byte	0
 844 0010 00000000 		.4byte	.LFB63
 845 0014 34000000 		.4byte	.LFE63-.LFB63
 846 0018 00000000 		.4byte	.LFB64
 847 001c 14000000 		.4byte	.LFE64-.LFB64
 848 0020 00000000 		.4byte	.LFB65
 849 0024 50000000 		.4byte	.LFE65-.LFB65
 850 0028 00000000 		.4byte	0
 851 002c 00000000 		.4byte	0
 852              		.section	.debug_ranges,"",%progbits
 853              	.Ldebug_ranges0:
 854 0000 00000000 		.4byte	.LFB63
 855 0004 34000000 		.4byte	.LFE63
 856 0008 00000000 		.4byte	.LFB64
 857 000c 14000000 		.4byte	.LFE64
 858 0010 00000000 		.4byte	.LFB65
 859 0014 50000000 		.4byte	.LFE65
 860 0018 00000000 		.4byte	0
 861 001c 00000000 		.4byte	0
 862              		.section	.debug_line,"",%progbits
 863              	.Ldebug_line0:
 864 0000 C8010000 		.section	.debug_str,"MS",%progbits,1
 864      02006401 
 864      00000201 
 864      FB0E0D00 
 864      01010101 
 865              	.LASF21:
 866 0000 52785772 		.ascii	"RxWriteIndex\000"
 866      69746549 
 866      6E646578 
 866      00
 867              	.LASF9:
 868 000d 5F5F696E 		.ascii	"__int32_t\000"
 868      7433325F 
 868      7400
 869              	.LASF22:
 870 0017 52785374 		.ascii	"RxStrIndex\000"
 870      72496E64 
 870      657800
 871              	.LASF20:
 872 0022 52785265 		.ascii	"RxReadIndex\000"
 872      6164496E 
 872      64657800 
 873              	.LASF29:
 874 002e 52785374 		.ascii	"RxStr\000"
 874      7200
 875              	.LASF28:
 876 0034 54527842 		.ascii	"TRxBuffer\000"
 876      75666665 
 876      7200
 877              	.LASF12:
ARM GAS  C:\Users\aashi\AppData\Local\Temp\ccOIqtYK.s 			page 18


 878 003e 666C6F61 		.ascii	"float\000"
 878      7400
 879              	.LASF19:
 880 0044 52784275 		.ascii	"RxBuffer\000"
 880      66666572 
 880      00
 881              	.LASF1:
 882 004d 756E7369 		.ascii	"unsigned char\000"
 882      676E6564 
 882      20636861 
 882      7200
 883              	.LASF33:
 884 005b 52785374 		.ascii	"RxStr_flag\000"
 884      725F666C 
 884      616700
 885              	.LASF5:
 886 0066 6C6F6E67 		.ascii	"long unsigned int\000"
 886      20756E73 
 886      69676E65 
 886      6420696E 
 886      7400
 887              	.LASF23:
 888 0078 55415254 		.ascii	"UART_1_ReadRxData\000"
 888      5F315F52 
 888      65616452 
 888      78446174 
 888      6100
 889              	.LASF3:
 890 008a 73686F72 		.ascii	"short unsigned int\000"
 890      7420756E 
 890      7369676E 
 890      65642069 
 890      6E7400
 891              	.LASF18:
 892 009d 49544D5F 		.ascii	"ITM_RxBuffer\000"
 892      52784275 
 892      66666572 
 892      00
 893              	.LASF13:
 894 00aa 646F7562 		.ascii	"double\000"
 894      6C6500
 895              	.LASF31:
 896 00b1 49734368 		.ascii	"IsCharReady\000"
 896      61725265 
 896      61647900 
 897              	.LASF27:
 898 00bd 433A5C55 		.ascii	"C:\\Users\\aashi\\OneDrive\\Documents\\PSoC Creator"
 898      73657273 
 898      5C616173 
 898      68695C4F 
 898      6E654472 
 899 00eb 5C454D49 		.ascii	"\\EMILA.cydsn\000"
 899      4C412E63 
 899      7964736E 
 899      00
 900              	.LASF26:
 901 00f8 55415254 		.ascii	"UART.c\000"
ARM GAS  C:\Users\aashi\AppData\Local\Temp\ccOIqtYK.s 			page 19


 901      2E6300
 902              	.LASF8:
 903 00ff 756E7369 		.ascii	"unsigned int\000"
 903      676E6564 
 903      20696E74 
 903      00
 904              	.LASF7:
 905 010c 6C6F6E67 		.ascii	"long long unsigned int\000"
 905      206C6F6E 
 905      6720756E 
 905      7369676E 
 905      65642069 
 906              	.LASF25:
 907 0123 474E5520 		.ascii	"GNU C11 5.4.1 20160609 (release) [ARM/embedded-5-br"
 907      43313120 
 907      352E342E 
 907      31203230 
 907      31363036 
 908 0156 616E6368 		.ascii	"anch revision 237715] -mcpu=cortex-m3 -mthumb -g -O"
 908      20726576 
 908      6973696F 
 908      6E203233 
 908      37373135 
 909 0189 67202D66 		.ascii	"g -ffunction-sections -ffat-lto-objects\000"
 909      66756E63 
 909      74696F6E 
 909      2D736563 
 909      74696F6E 
 910              	.LASF10:
 911 01b1 696E7433 		.ascii	"int32_t\000"
 911      325F7400 
 912              	.LASF16:
 913 01b9 73697A65 		.ascii	"sizetype\000"
 913      74797065 
 913      00
 914              	.LASF6:
 915 01c2 6C6F6E67 		.ascii	"long long int\000"
 915      206C6F6E 
 915      6720696E 
 915      7400
 916              	.LASF14:
 917 01d0 63686172 		.ascii	"char\000"
 917      00
 918              	.LASF2:
 919 01d5 73686F72 		.ascii	"short int\000"
 919      7420696E 
 919      7400
 920              	.LASF11:
 921 01df 75696E74 		.ascii	"uint8\000"
 921      3800
 922              	.LASF4:
 923 01e5 6C6F6E67 		.ascii	"long int\000"
 923      20696E74 
 923      00
 924              	.LASF15:
 925 01ee 6C6F6E67 		.ascii	"long double\000"
 925      20646F75 
ARM GAS  C:\Users\aashi\AppData\Local\Temp\ccOIqtYK.s 			page 20


 925      626C6500 
 926              	.LASF0:
 927 01fa 7369676E 		.ascii	"signed char\000"
 927      65642063 
 927      68617200 
 928              	.LASF30:
 929 0206 4D795278 		.ascii	"MyRxInt\000"
 929      496E7400 
 930              	.LASF24:
 931 020e 55415254 		.ascii	"UART_1_ReadRxStatus\000"
 931      5F315F52 
 931      65616452 
 931      78537461 
 931      74757300 
 932              	.LASF32:
 933 0222 47657452 		.ascii	"GetRxStr\000"
 933      78537472 
 933      00
 934              	.LASF17:
 935 022b 76616C73 		.ascii	"valstr\000"
 935      747200
 936              		.ident	"GCC: (GNU Tools for ARM Embedded Processors) 5.4.1 20160609 (release) [ARM/embedded-5-bran
